
=============================== Log Started [2020-08-29 21:05:27 AEST] ===============================
[2020-08-29 21:05:29,584:      agent.FirstBot]:     INFO - Requesting initial information for marketplace `898`
[2020-08-29 21:05:31,611:      agent.FirstBot]:     INFO - Initialisation complete. Received marketplace information.
[2020-08-29 21:05:31,612:      agent.FirstBot]:     INFO - Market(1572,widget,Widget,False)
[2020-08-29 21:05:31,612:      agent.FirstBot]:     INFO - Market(1573,privateWidget,PrivateWidget,True)

=============================== Log Started [2020-08-29 21:05:51 AEST] ===============================
[2020-08-29 21:05:53,457:      agent.FirstBot]:     INFO - Requesting initial information for marketplace `898`
[2020-08-29 21:05:55,506:      agent.FirstBot]:     INFO - Initialisation complete. Received marketplace information.
[2020-08-29 21:05:55,507:      agent.FirstBot]:     INFO - Market(1572,widget,Widget,False)
[2020-08-29 21:05:55,507:      agent.FirstBot]:     INFO - Market(1573,privateWidget,PrivateWidget,True)
[2020-08-29 21:05:56,009:      agent.FirstBot]:     INFO - Session: SID:13473:SessionState.OPEN
[2020-08-29 21:05:56,010:      agent.FirstBot]:     INFO - Asset(Market(1572,widget,Widget,False),15,15,15,0,True,True)
[2020-08-29 21:05:56,010:      agent.FirstBot]:     INFO - Asset(Market(1573,privateWidget,PrivateWidget,True),15,15,15,0,True,True)
[2020-08-29 21:05:56,268:      agent.FirstBot]:     INFO - Order(8985909,Others,BUY,1@0,M-1572,LIMIT,REF:'fm-ui 2.0.0-beta.48')
[2020-08-29 21:05:56,268:      agent.FirstBot]:     INFO - Order(8985911,Others,SELL,1@1000,M-1572,LIMIT,REF:'fm-ui 2.0.0-beta.48')
[2020-08-29 21:05:56,268:      agent.FirstBot]:     INFO - Order(8985925,Others,BUY,1@1000,M-1572,LIMIT,REF:'fm-ui 2.0.0-beta.48')
[2020-08-29 21:05:56,268:      agent.FirstBot]:     INFO - Order(9303297,Others,SELL,1@900,M-1572,LIMIT,REF:'Test')
[2020-08-29 21:05:56,268:      agent.FirstBot]:     INFO - Order(9275437,Others,SELL,2@900,M-1572,LIMIT,REF:'Test')
[2020-08-29 21:05:56,268:      agent.FirstBot]:     INFO - Order(9277638,Others,SELL,1@420,M-1572,LIMIT,REF:'Test')
[2020-08-29 21:05:56,268:      agent.FirstBot]:     INFO - Order(9275841,Others,BUY,1@78,M-1572,LIMIT,REF:'fm-ui 2.0.0-beta.48')
[2020-08-29 21:05:56,269:      agent.FirstBot]:     INFO - Order(9286070,Others,SELL,1@674,M-1572,LIMIT,REF:'Test')
[2020-08-29 21:05:56,269:      agent.FirstBot]:     INFO - Order(9303261,Others,SELL,1@674,M-1572,LIMIT,REF:'Test')
[2020-08-29 21:05:56,269:      agent.FirstBot]:     INFO - Order(9277636,Others,BUY,1@420,M-1572,LIMIT,REF:'test order')
[2020-08-29 21:05:56,269:      agent.FirstBot]:     INFO - Order(9277637,Others,SELL,1@420,M-1572,LIMIT,REF:'test order')
[2020-08-29 21:05:56,269:      agent.FirstBot]:     INFO - Order(9278280,Others,BUY,1@420,M-1572,LIMIT,REF:'test order')
[2020-08-29 21:05:56,269:      agent.FirstBot]:     INFO - Order(9286038,Others,SELL,1@78,M-1572,LIMIT,REF:'fm-ui 2.0.0-beta.48')
[2020-08-29 21:05:56,269:      agent.FirstBot]:     INFO - Order(9286041,Others,BUY,1@1,M-1572,LIMIT,REF:'fm-ui 2.0.0-beta.48')
[2020-08-29 21:05:56,269:      agent.FirstBot]:     INFO - Order(9286068,Others,BUY,1@674,M-1572,LIMIT,REF:'fm-ui 2.0.0-beta.48')
[2020-08-29 21:05:56,269:      agent.FirstBot]:     INFO - Order(9286069,Others,SELL,1@674,M-1572,LIMIT,REF:'fm-ui 2.0.0-beta.48')
[2020-08-29 21:05:56,269:      agent.FirstBot]:     INFO - Order(9286513,Others,BUY,1@674,M-1572,LIMIT,REF:'fm-ui 2.0.0-beta.48')
[2020-08-29 21:05:56,269:      agent.FirstBot]:     INFO - Order(9287209,Others,SELL,1@1,M-1572,LIMIT,REF:'fm-ui 2.0.0-beta.48')
[2020-08-29 21:05:56,269:      agent.FirstBot]:     INFO - Order(9287800,Others,SELL,1@0,M-1572,LIMIT,REF:'fm-ui 2.0.0-beta.48')
[2020-08-29 21:05:56,270:      agent.FirstBot]:     INFO - Order(9302443,Mine,BUY,2@500,M-1573,LIMIT,REF:'firstOrder',PVT_TO:M000)
[2020-08-29 21:05:56,270:      agent.FirstBot]:    ERROR - Exception in MyFirstBot.received_orders() method. Run with DEBUG for details.

=============================== Log Started [2020-08-29 21:06:58 AEST] ===============================
[2020-08-29 21:07:00,618:      agent.FirstBot]:     INFO - Requesting initial information for marketplace `898`
[2020-08-29 21:07:02,661:      agent.FirstBot]:     INFO - Initialisation complete. Received marketplace information.
[2020-08-29 21:07:02,662:      agent.FirstBot]:     INFO - Market(1572,widget,Widget,False)
[2020-08-29 21:07:02,662:      agent.FirstBot]:     INFO - Market(1573,privateWidget,PrivateWidget,True)

=============================== Log Started [2020-08-29 21:07:34 AEST] ===============================
[2020-08-29 21:07:36,228:      agent.FirstBot]:     INFO - Requesting initial information for marketplace `898`
[2020-08-29 21:07:38,394:      agent.FirstBot]:     INFO - Initialisation complete. Received marketplace information.
[2020-08-29 21:07:38,394:      agent.FirstBot]:     INFO - Market(1572,widget,Widget,False)
[2020-08-29 21:07:38,394:      agent.FirstBot]:     INFO - Market(1573,privateWidget,PrivateWidget,True)
[2020-08-29 21:07:39,157:      agent.FirstBot]:     INFO - Session: SID:13473:SessionState.OPEN
[2020-08-29 21:07:39,157:      agent.FirstBot]:     INFO - Asset(Market(1572,widget,Widget,False),15,15,15,0,True,True)
[2020-08-29 21:07:39,157:      agent.FirstBot]:     INFO - Asset(Market(1573,privateWidget,PrivateWidget,True),15,15,15,0,True,True)
[2020-08-29 21:07:39,164:      agent.FirstBot]:     INFO - Order(8985909,Others,BUY,1@0,M-1572,LIMIT,REF:'fm-ui 2.0.0-beta.48')
[2020-08-29 21:07:39,164:      agent.FirstBot]:     INFO - Order(8985911,Others,SELL,1@1000,M-1572,LIMIT,REF:'fm-ui 2.0.0-beta.48')
[2020-08-29 21:07:39,164:      agent.FirstBot]:     INFO - Order(8985925,Others,BUY,1@1000,M-1572,LIMIT,REF:'fm-ui 2.0.0-beta.48')
[2020-08-29 21:07:39,165:      agent.FirstBot]:     INFO - Order(9303297,Others,SELL,1@900,M-1572,LIMIT,REF:'Test')
[2020-08-29 21:07:39,165:      agent.FirstBot]:     INFO - Order(9275437,Others,SELL,2@900,M-1572,LIMIT,REF:'Test')
[2020-08-29 21:07:39,165:      agent.FirstBot]:     INFO - Order(9277638,Others,SELL,1@420,M-1572,LIMIT,REF:'Test')
[2020-08-29 21:07:39,165:      agent.FirstBot]:     INFO - Order(9275841,Others,BUY,1@78,M-1572,LIMIT,REF:'fm-ui 2.0.0-beta.48')
[2020-08-29 21:07:39,165:      agent.FirstBot]:     INFO - Order(9286070,Others,SELL,1@674,M-1572,LIMIT,REF:'Test')
[2020-08-29 21:07:39,165:      agent.FirstBot]:     INFO - Order(9303261,Others,SELL,1@674,M-1572,LIMIT,REF:'Test')
[2020-08-29 21:07:39,165:      agent.FirstBot]:     INFO - Order(9277636,Others,BUY,1@420,M-1572,LIMIT,REF:'test order')
[2020-08-29 21:07:39,165:      agent.FirstBot]:     INFO - Order(9277637,Others,SELL,1@420,M-1572,LIMIT,REF:'test order')
[2020-08-29 21:07:39,165:      agent.FirstBot]:     INFO - Order(9278280,Others,BUY,1@420,M-1572,LIMIT,REF:'test order')
[2020-08-29 21:07:39,166:      agent.FirstBot]:     INFO - Order(9286038,Others,SELL,1@78,M-1572,LIMIT,REF:'fm-ui 2.0.0-beta.48')
[2020-08-29 21:07:39,166:      agent.FirstBot]:     INFO - Order(9286041,Others,BUY,1@1,M-1572,LIMIT,REF:'fm-ui 2.0.0-beta.48')
[2020-08-29 21:07:39,166:      agent.FirstBot]:     INFO - Order(9286068,Others,BUY,1@674,M-1572,LIMIT,REF:'fm-ui 2.0.0-beta.48')
[2020-08-29 21:07:39,166:      agent.FirstBot]:     INFO - Order(9286069,Others,SELL,1@674,M-1572,LIMIT,REF:'fm-ui 2.0.0-beta.48')
[2020-08-29 21:07:39,166:      agent.FirstBot]:     INFO - Order(9286513,Others,BUY,1@674,M-1572,LIMIT,REF:'fm-ui 2.0.0-beta.48')
[2020-08-29 21:07:39,166:      agent.FirstBot]:     INFO - Order(9287209,Others,SELL,1@1,M-1572,LIMIT,REF:'fm-ui 2.0.0-beta.48')
[2020-08-29 21:07:39,166:      agent.FirstBot]:     INFO - Order(9287800,Others,SELL,1@0,M-1572,LIMIT,REF:'fm-ui 2.0.0-beta.48')
[2020-08-29 21:07:39,166:      agent.FirstBot]:     INFO - Order(9302443,Mine,BUY,2@500,M-1573,LIMIT,REF:'firstOrder',PVT_TO:M000)
[2020-08-29 21:07:39,166:      agent.FirstBot]:    ERROR - Exception in MyFirstBot.received_orders() method. Run with DEBUG for details.

=============================== Log Started [2020-08-29 21:07:51 AEST] ===============================
[2020-08-29 21:07:53,326:      agent.FirstBot]:     INFO - Requesting initial information for marketplace `898`
[2020-08-29 21:07:55,433:      agent.FirstBot]:     INFO - Initialisation complete. Received marketplace information.
[2020-08-29 21:07:55,434:      agent.FirstBot]:     INFO - Market(1572,widget,Widget,False)
[2020-08-29 21:07:55,434:      agent.FirstBot]:     INFO - Market(1573,privateWidget,PrivateWidget,True)
[2020-08-29 21:07:56,187:      agent.FirstBot]:     INFO - Session: SID:13473:SessionState.OPEN
[2020-08-29 21:07:56,188:      agent.FirstBot]:     INFO - Asset(Market(1572,widget,Widget,False),15,15,15,0,True,True)
[2020-08-29 21:07:56,188:      agent.FirstBot]:     INFO - Asset(Market(1573,privateWidget,PrivateWidget,True),15,15,15,0,True,True)
[2020-08-29 21:07:56,450:      agent.FirstBot]:     INFO - Order(8985909,Others,BUY,1@0,M-1572,LIMIT,REF:'fm-ui 2.0.0-beta.48')
[2020-08-29 21:07:56,450:      agent.FirstBot]:     INFO - Order(8985911,Others,SELL,1@1000,M-1572,LIMIT,REF:'fm-ui 2.0.0-beta.48')
[2020-08-29 21:07:56,450:      agent.FirstBot]:     INFO - Order(8985925,Others,BUY,1@1000,M-1572,LIMIT,REF:'fm-ui 2.0.0-beta.48')
[2020-08-29 21:07:56,450:      agent.FirstBot]:     INFO - Order(9303297,Others,SELL,1@900,M-1572,LIMIT,REF:'Test')
[2020-08-29 21:07:56,450:      agent.FirstBot]:     INFO - Order(9275437,Others,SELL,2@900,M-1572,LIMIT,REF:'Test')
[2020-08-29 21:07:56,450:      agent.FirstBot]:     INFO - Order(9277638,Others,SELL,1@420,M-1572,LIMIT,REF:'Test')
[2020-08-29 21:07:56,450:      agent.FirstBot]:     INFO - Order(9275841,Others,BUY,1@78,M-1572,LIMIT,REF:'fm-ui 2.0.0-beta.48')
[2020-08-29 21:07:56,451:      agent.FirstBot]:     INFO - Order(9286070,Others,SELL,1@674,M-1572,LIMIT,REF:'Test')
[2020-08-29 21:07:56,451:      agent.FirstBot]:     INFO - Order(9303261,Others,SELL,1@674,M-1572,LIMIT,REF:'Test')
[2020-08-29 21:07:56,451:      agent.FirstBot]:     INFO - Order(9277636,Others,BUY,1@420,M-1572,LIMIT,REF:'test order')
[2020-08-29 21:07:56,451:      agent.FirstBot]:     INFO - Order(9277637,Others,SELL,1@420,M-1572,LIMIT,REF:'test order')
[2020-08-29 21:07:56,451:      agent.FirstBot]:     INFO - Order(9278280,Others,BUY,1@420,M-1572,LIMIT,REF:'test order')
[2020-08-29 21:07:56,451:      agent.FirstBot]:     INFO - Order(9286038,Others,SELL,1@78,M-1572,LIMIT,REF:'fm-ui 2.0.0-beta.48')
[2020-08-29 21:07:56,451:      agent.FirstBot]:     INFO - Order(9286041,Others,BUY,1@1,M-1572,LIMIT,REF:'fm-ui 2.0.0-beta.48')
[2020-08-29 21:07:56,451:      agent.FirstBot]:     INFO - Order(9286068,Others,BUY,1@674,M-1572,LIMIT,REF:'fm-ui 2.0.0-beta.48')
[2020-08-29 21:07:56,451:      agent.FirstBot]:     INFO - Order(9286069,Others,SELL,1@674,M-1572,LIMIT,REF:'fm-ui 2.0.0-beta.48')
[2020-08-29 21:07:56,451:      agent.FirstBot]:     INFO - Order(9286513,Others,BUY,1@674,M-1572,LIMIT,REF:'fm-ui 2.0.0-beta.48')
[2020-08-29 21:07:56,452:      agent.FirstBot]:     INFO - Order(9287209,Others,SELL,1@1,M-1572,LIMIT,REF:'fm-ui 2.0.0-beta.48')
[2020-08-29 21:07:56,452:      agent.FirstBot]:     INFO - Order(9287800,Others,SELL,1@0,M-1572,LIMIT,REF:'fm-ui 2.0.0-beta.48')
[2020-08-29 21:07:56,452:      agent.FirstBot]:     INFO - Order(9302443,Mine,BUY,2@500,M-1573,LIMIT,REF:'firstOrder',PVT_TO:M000)
[2020-08-29 21:07:56,452:      agent.FirstBot]:    ERROR - Exception in MyFirstBot.received_orders() method. Run with DEBUG for details.

=============================== Log Started [2020-08-29 21:09:34 AEST] ===============================
[2020-08-29 21:09:36,932:      agent.FirstBot]:     INFO - Requesting initial information for marketplace `898`
[2020-08-29 21:09:38,973:      agent.FirstBot]:     INFO - Initialisation complete. Received marketplace information.
[2020-08-29 21:09:38,973:      agent.FirstBot]:     INFO - Market(1572,widget,Widget,False)
[2020-08-29 21:09:38,973:      agent.FirstBot]:     INFO - Market(1573,privateWidget,PrivateWidget,True)
[2020-08-29 21:09:39,726:      agent.FirstBot]:     INFO - Session: SID:13473:SessionState.OPEN
[2020-08-29 21:09:39,727:      agent.FirstBot]:     INFO - Asset(Market(1572,widget,Widget,False),15,15,15,0,True,True)
[2020-08-29 21:09:39,727:      agent.FirstBot]:     INFO - Asset(Market(1573,privateWidget,PrivateWidget,True),15,15,15,0,True,True)
[2020-08-29 21:09:39,991:      agent.FirstBot]:     INFO - Order(8985909,Others,BUY,1@0,M-1572,LIMIT,REF:'fm-ui 2.0.0-beta.48')
[2020-08-29 21:09:39,991:      agent.FirstBot]:     INFO - Order(8985911,Others,SELL,1@1000,M-1572,LIMIT,REF:'fm-ui 2.0.0-beta.48')
[2020-08-29 21:09:39,991:      agent.FirstBot]:     INFO - Order(8985925,Others,BUY,1@1000,M-1572,LIMIT,REF:'fm-ui 2.0.0-beta.48')
[2020-08-29 21:09:39,991:      agent.FirstBot]:     INFO - Order(9303297,Others,SELL,1@900,M-1572,LIMIT,REF:'Test')
[2020-08-29 21:09:39,992:      agent.FirstBot]:     INFO - Order(9275437,Others,SELL,2@900,M-1572,LIMIT,REF:'Test')
[2020-08-29 21:09:39,992:      agent.FirstBot]:     INFO - Order(9277638,Others,SELL,1@420,M-1572,LIMIT,REF:'Test')
[2020-08-29 21:09:39,992:      agent.FirstBot]:     INFO - Order(9275841,Others,BUY,1@78,M-1572,LIMIT,REF:'fm-ui 2.0.0-beta.48')
[2020-08-29 21:09:39,992:      agent.FirstBot]:     INFO - Order(9286070,Others,SELL,1@674,M-1572,LIMIT,REF:'Test')
[2020-08-29 21:09:39,992:      agent.FirstBot]:     INFO - Order(9303261,Others,SELL,1@674,M-1572,LIMIT,REF:'Test')
[2020-08-29 21:09:39,992:      agent.FirstBot]:     INFO - Order(9277636,Others,BUY,1@420,M-1572,LIMIT,REF:'test order')
[2020-08-29 21:09:39,992:      agent.FirstBot]:     INFO - Order(9277637,Others,SELL,1@420,M-1572,LIMIT,REF:'test order')
[2020-08-29 21:09:39,992:      agent.FirstBot]:     INFO - Order(9278280,Others,BUY,1@420,M-1572,LIMIT,REF:'test order')
[2020-08-29 21:09:39,992:      agent.FirstBot]:     INFO - Order(9286038,Others,SELL,1@78,M-1572,LIMIT,REF:'fm-ui 2.0.0-beta.48')
[2020-08-29 21:09:39,992:      agent.FirstBot]:     INFO - Order(9286041,Others,BUY,1@1,M-1572,LIMIT,REF:'fm-ui 2.0.0-beta.48')
[2020-08-29 21:09:39,993:      agent.FirstBot]:     INFO - Order(9286068,Others,BUY,1@674,M-1572,LIMIT,REF:'fm-ui 2.0.0-beta.48')
[2020-08-29 21:09:39,993:      agent.FirstBot]:     INFO - Order(9286069,Others,SELL,1@674,M-1572,LIMIT,REF:'fm-ui 2.0.0-beta.48')
[2020-08-29 21:09:39,993:      agent.FirstBot]:     INFO - Order(9286513,Others,BUY,1@674,M-1572,LIMIT,REF:'fm-ui 2.0.0-beta.48')
[2020-08-29 21:09:39,993:      agent.FirstBot]:     INFO - Order(9287209,Others,SELL,1@1,M-1572,LIMIT,REF:'fm-ui 2.0.0-beta.48')
[2020-08-29 21:09:39,993:      agent.FirstBot]:     INFO - Order(9287800,Others,SELL,1@0,M-1572,LIMIT,REF:'fm-ui 2.0.0-beta.48')
[2020-08-29 21:09:39,993:      agent.FirstBot]:     INFO - Order(9302443,Mine,BUY,2@500,M-1573,LIMIT,REF:'firstOrder',PVT_TO:M000)
[2020-08-29 21:09:39,993:      agent.FirstBot]:    ERROR - Exception in MyFirstBot.received_orders() method. Run with DEBUG for details.

=============================== Log Started [2020-08-29 21:09:48 AEST] ===============================
[2020-08-29 21:09:50,747:      agent.FirstBot]:     INFO - Requesting initial information for marketplace `898`
[2020-08-29 21:09:52,782:      agent.FirstBot]:     INFO - Initialisation complete. Received marketplace information.
[2020-08-29 21:09:52,782:      agent.FirstBot]:     INFO - Market(1572,widget,Widget,False)
[2020-08-29 21:09:52,783:      agent.FirstBot]:     INFO - Market(1573,privateWidget,PrivateWidget,True)
[2020-08-29 21:09:53,542:      agent.FirstBot]:     INFO - Session: SID:13473:SessionState.OPEN
[2020-08-29 21:09:53,543:      agent.FirstBot]:     INFO - Asset(Market(1572,widget,Widget,False),15,15,15,0,True,True)
[2020-08-29 21:09:53,543:      agent.FirstBot]:     INFO - Asset(Market(1573,privateWidget,PrivateWidget,True),15,15,15,0,True,True)
[2020-08-29 21:09:53,550:      agent.FirstBot]:     INFO - Order(8985909,Others,BUY,1@0,M-1572,LIMIT,REF:'fm-ui 2.0.0-beta.48')
[2020-08-29 21:09:53,550:      agent.FirstBot]:     INFO - Order(8985911,Others,SELL,1@1000,M-1572,LIMIT,REF:'fm-ui 2.0.0-beta.48')
[2020-08-29 21:09:53,550:      agent.FirstBot]:     INFO - Order(8985925,Others,BUY,1@1000,M-1572,LIMIT,REF:'fm-ui 2.0.0-beta.48')
[2020-08-29 21:09:53,550:      agent.FirstBot]:     INFO - Order(9303297,Others,SELL,1@900,M-1572,LIMIT,REF:'Test')
[2020-08-29 21:09:53,551:      agent.FirstBot]:     INFO - Order(9275437,Others,SELL,2@900,M-1572,LIMIT,REF:'Test')
[2020-08-29 21:09:53,551:      agent.FirstBot]:     INFO - Order(9277638,Others,SELL,1@420,M-1572,LIMIT,REF:'Test')
[2020-08-29 21:09:53,551:      agent.FirstBot]:     INFO - Order(9275841,Others,BUY,1@78,M-1572,LIMIT,REF:'fm-ui 2.0.0-beta.48')
[2020-08-29 21:09:53,551:      agent.FirstBot]:     INFO - Order(9286070,Others,SELL,1@674,M-1572,LIMIT,REF:'Test')
[2020-08-29 21:09:53,551:      agent.FirstBot]:     INFO - Order(9303261,Others,SELL,1@674,M-1572,LIMIT,REF:'Test')
[2020-08-29 21:09:53,551:      agent.FirstBot]:     INFO - Order(9277636,Others,BUY,1@420,M-1572,LIMIT,REF:'test order')
[2020-08-29 21:09:53,551:      agent.FirstBot]:     INFO - Order(9277637,Others,SELL,1@420,M-1572,LIMIT,REF:'test order')
[2020-08-29 21:09:53,551:      agent.FirstBot]:     INFO - Order(9278280,Others,BUY,1@420,M-1572,LIMIT,REF:'test order')
[2020-08-29 21:09:53,551:      agent.FirstBot]:     INFO - Order(9286038,Others,SELL,1@78,M-1572,LIMIT,REF:'fm-ui 2.0.0-beta.48')
[2020-08-29 21:09:53,551:      agent.FirstBot]:     INFO - Order(9286041,Others,BUY,1@1,M-1572,LIMIT,REF:'fm-ui 2.0.0-beta.48')
[2020-08-29 21:09:53,552:      agent.FirstBot]:     INFO - Order(9286068,Others,BUY,1@674,M-1572,LIMIT,REF:'fm-ui 2.0.0-beta.48')
[2020-08-29 21:09:53,552:      agent.FirstBot]:     INFO - Order(9286069,Others,SELL,1@674,M-1572,LIMIT,REF:'fm-ui 2.0.0-beta.48')
[2020-08-29 21:09:53,552:      agent.FirstBot]:     INFO - Order(9286513,Others,BUY,1@674,M-1572,LIMIT,REF:'fm-ui 2.0.0-beta.48')
[2020-08-29 21:09:53,552:      agent.FirstBot]:     INFO - Order(9287209,Others,SELL,1@1,M-1572,LIMIT,REF:'fm-ui 2.0.0-beta.48')
[2020-08-29 21:09:53,552:      agent.FirstBot]:     INFO - Order(9287800,Others,SELL,1@0,M-1572,LIMIT,REF:'fm-ui 2.0.0-beta.48')
[2020-08-29 21:09:53,552:      agent.FirstBot]:     INFO - Order(9302443,Mine,BUY,2@500,M-1573,LIMIT,REF:'firstOrder',PVT_TO:M000)
[2020-08-29 21:09:53,552:      agent.FirstBot]:    ERROR - Exception in MyFirstBot.received_orders() method. Run with DEBUG for details.

=============================== Log Started [2020-08-29 21:10:13 AEST] ===============================
[2020-08-29 21:10:15,733:      agent.FirstBot]:     INFO - Requesting initial information for marketplace `898`
[2020-08-29 21:10:17,763:      agent.FirstBot]:     INFO - Initialisation complete. Received marketplace information.
[2020-08-29 21:10:17,763:      agent.FirstBot]:     INFO - Market(1572,widget,Widget,False)
[2020-08-29 21:10:17,763:      agent.FirstBot]:     INFO - Market(1573,privateWidget,PrivateWidget,True)
[2020-08-29 21:10:18,526:      agent.FirstBot]:     INFO - Session: SID:13473:SessionState.OPEN
[2020-08-29 21:10:18,526:      agent.FirstBot]:     INFO - Asset(Market(1572,widget,Widget,False),15,15,15,0,True,True)
[2020-08-29 21:10:18,526:      agent.FirstBot]:     INFO - Asset(Market(1573,privateWidget,PrivateWidget,True),15,15,15,0,True,True)
[2020-08-29 21:10:18,790:      agent.FirstBot]:     INFO - Order(8985909,Others,BUY,1@0,M-1572,LIMIT,REF:'fm-ui 2.0.0-beta.48')
[2020-08-29 21:10:18,790:      agent.FirstBot]:     INFO - Order(8985911,Others,SELL,1@1000,M-1572,LIMIT,REF:'fm-ui 2.0.0-beta.48')
[2020-08-29 21:10:18,791:      agent.FirstBot]:     INFO - Order(8985925,Others,BUY,1@1000,M-1572,LIMIT,REF:'fm-ui 2.0.0-beta.48')
[2020-08-29 21:10:18,791:      agent.FirstBot]:     INFO - Order(9303297,Others,SELL,1@900,M-1572,LIMIT,REF:'Test')
[2020-08-29 21:10:18,791:      agent.FirstBot]:     INFO - Order(9275437,Others,SELL,2@900,M-1572,LIMIT,REF:'Test')
[2020-08-29 21:10:18,791:      agent.FirstBot]:     INFO - Order(9277638,Others,SELL,1@420,M-1572,LIMIT,REF:'Test')
[2020-08-29 21:10:18,791:      agent.FirstBot]:     INFO - Order(9275841,Others,BUY,1@78,M-1572,LIMIT,REF:'fm-ui 2.0.0-beta.48')
[2020-08-29 21:10:18,791:      agent.FirstBot]:     INFO - Order(9286070,Others,SELL,1@674,M-1572,LIMIT,REF:'Test')
[2020-08-29 21:10:18,791:      agent.FirstBot]:     INFO - Order(9303261,Others,SELL,1@674,M-1572,LIMIT,REF:'Test')
[2020-08-29 21:10:18,791:      agent.FirstBot]:     INFO - Order(9277636,Others,BUY,1@420,M-1572,LIMIT,REF:'test order')
[2020-08-29 21:10:18,791:      agent.FirstBot]:     INFO - Order(9277637,Others,SELL,1@420,M-1572,LIMIT,REF:'test order')
[2020-08-29 21:10:18,792:      agent.FirstBot]:     INFO - Order(9278280,Others,BUY,1@420,M-1572,LIMIT,REF:'test order')
[2020-08-29 21:10:18,792:      agent.FirstBot]:     INFO - Order(9286038,Others,SELL,1@78,M-1572,LIMIT,REF:'fm-ui 2.0.0-beta.48')
[2020-08-29 21:10:18,792:      agent.FirstBot]:     INFO - Order(9286041,Others,BUY,1@1,M-1572,LIMIT,REF:'fm-ui 2.0.0-beta.48')
[2020-08-29 21:10:18,792:      agent.FirstBot]:     INFO - Order(9286068,Others,BUY,1@674,M-1572,LIMIT,REF:'fm-ui 2.0.0-beta.48')
[2020-08-29 21:10:18,792:      agent.FirstBot]:     INFO - Order(9286069,Others,SELL,1@674,M-1572,LIMIT,REF:'fm-ui 2.0.0-beta.48')
[2020-08-29 21:10:18,792:      agent.FirstBot]:     INFO - Order(9286513,Others,BUY,1@674,M-1572,LIMIT,REF:'fm-ui 2.0.0-beta.48')
[2020-08-29 21:10:18,792:      agent.FirstBot]:     INFO - Order(9287209,Others,SELL,1@1,M-1572,LIMIT,REF:'fm-ui 2.0.0-beta.48')
[2020-08-29 21:10:18,792:      agent.FirstBot]:     INFO - Order(9287800,Others,SELL,1@0,M-1572,LIMIT,REF:'fm-ui 2.0.0-beta.48')
[2020-08-29 21:10:18,792:      agent.FirstBot]:     INFO - Order(9302443,Mine,BUY,2@500,M-1573,LIMIT,REF:'firstOrder',PVT_TO:M000)
[2020-08-29 21:10:18,792:      agent.FirstBot]:    ERROR - Exception in MyFirstBot.received_orders() method. Run with DEBUG for details.

=============================== Log Started [2020-08-29 21:10:26 AEST] ===============================
[2020-08-29 21:10:28,803:      agent.FirstBot]:     INFO - Requesting initial information for marketplace `898`
[2020-08-29 21:10:31,150:      agent.FirstBot]:     INFO - Initialisation complete. Received marketplace information.
[2020-08-29 21:10:31,150:      agent.FirstBot]:     INFO - Market(1572,widget,Widget,False)
[2020-08-29 21:10:31,150:      agent.FirstBot]:     INFO - Market(1573,privateWidget,PrivateWidget,True)
[2020-08-29 21:10:31,652:      agent.FirstBot]:     INFO - Session: SID:13473:SessionState.OPEN
[2020-08-29 21:10:31,653:      agent.FirstBot]:     INFO - Asset(Market(1572,widget,Widget,False),15,15,15,0,True,True)
[2020-08-29 21:10:31,653:      agent.FirstBot]:     INFO - Asset(Market(1573,privateWidget,PrivateWidget,True),15,15,15,0,True,True)
[2020-08-29 21:10:31,911:      agent.FirstBot]:     INFO - Order(8985909,Others,BUY,1@0,M-1572,LIMIT,REF:'fm-ui 2.0.0-beta.48')
[2020-08-29 21:10:31,911:      agent.FirstBot]:     INFO - Order(8985911,Others,SELL,1@1000,M-1572,LIMIT,REF:'fm-ui 2.0.0-beta.48')
[2020-08-29 21:10:31,911:      agent.FirstBot]:     INFO - Order(8985925,Others,BUY,1@1000,M-1572,LIMIT,REF:'fm-ui 2.0.0-beta.48')
[2020-08-29 21:10:31,911:      agent.FirstBot]:     INFO - Order(9303297,Others,SELL,1@900,M-1572,LIMIT,REF:'Test')
[2020-08-29 21:10:31,911:      agent.FirstBot]:     INFO - Order(9275437,Others,SELL,2@900,M-1572,LIMIT,REF:'Test')
[2020-08-29 21:10:31,911:      agent.FirstBot]:     INFO - Order(9277638,Others,SELL,1@420,M-1572,LIMIT,REF:'Test')
[2020-08-29 21:10:31,911:      agent.FirstBot]:     INFO - Order(9275841,Others,BUY,1@78,M-1572,LIMIT,REF:'fm-ui 2.0.0-beta.48')
[2020-08-29 21:10:31,911:      agent.FirstBot]:     INFO - Order(9286070,Others,SELL,1@674,M-1572,LIMIT,REF:'Test')
[2020-08-29 21:10:31,911:      agent.FirstBot]:     INFO - Order(9303261,Others,SELL,1@674,M-1572,LIMIT,REF:'Test')
[2020-08-29 21:10:31,912:      agent.FirstBot]:     INFO - Order(9277636,Others,BUY,1@420,M-1572,LIMIT,REF:'test order')
[2020-08-29 21:10:31,912:      agent.FirstBot]:     INFO - Order(9277637,Others,SELL,1@420,M-1572,LIMIT,REF:'test order')
[2020-08-29 21:10:31,912:      agent.FirstBot]:     INFO - Order(9278280,Others,BUY,1@420,M-1572,LIMIT,REF:'test order')
[2020-08-29 21:10:31,912:      agent.FirstBot]:     INFO - Order(9286038,Others,SELL,1@78,M-1572,LIMIT,REF:'fm-ui 2.0.0-beta.48')
[2020-08-29 21:10:31,912:      agent.FirstBot]:     INFO - Order(9286041,Others,BUY,1@1,M-1572,LIMIT,REF:'fm-ui 2.0.0-beta.48')
[2020-08-29 21:10:31,912:      agent.FirstBot]:     INFO - Order(9286068,Others,BUY,1@674,M-1572,LIMIT,REF:'fm-ui 2.0.0-beta.48')
[2020-08-29 21:10:31,912:      agent.FirstBot]:     INFO - Order(9286069,Others,SELL,1@674,M-1572,LIMIT,REF:'fm-ui 2.0.0-beta.48')
[2020-08-29 21:10:31,912:      agent.FirstBot]:     INFO - Order(9286513,Others,BUY,1@674,M-1572,LIMIT,REF:'fm-ui 2.0.0-beta.48')
[2020-08-29 21:10:31,912:      agent.FirstBot]:     INFO - Order(9287209,Others,SELL,1@1,M-1572,LIMIT,REF:'fm-ui 2.0.0-beta.48')
[2020-08-29 21:10:31,912:      agent.FirstBot]:     INFO - Order(9287800,Others,SELL,1@0,M-1572,LIMIT,REF:'fm-ui 2.0.0-beta.48')
[2020-08-29 21:10:31,912:      agent.FirstBot]:     INFO - Order(9302443,Mine,BUY,2@500,M-1573,LIMIT,REF:'firstOrder',PVT_TO:M000)
[2020-08-29 21:10:31,913:      agent.FirstBot]:     INFO - Order(9302444,Mine,BUY,2@500,M-1573,LIMIT,REF:'firstOrder',PVT_TO:M000)
[2020-08-29 21:10:31,913:      agent.FirstBot]:     INFO - Order(9302445,Mine,BUY,2@500,M-1573,LIMIT,REF:'firstOrder',PVT_TO:M000)
[2020-08-29 21:10:31,913:      agent.FirstBot]:     INFO - Order(9302446,Mine,BUY,2@500,M-1573,LIMIT,REF:'firstOrder',PVT_TO:M000)
[2020-08-29 21:10:31,913:      agent.FirstBot]:     INFO - Order(9302447,Mine,BUY,2@500,M-1573,LIMIT,REF:'firstOrder',PVT_TO:M000)
[2020-08-29 21:10:31,913:      agent.FirstBot]:     INFO - Order(9302448,Mine,BUY,2@500,M-1573,LIMIT,REF:'firstOrder',PVT_TO:M000)
[2020-08-29 21:10:31,913:      agent.FirstBot]:     INFO - Order(9302453,Mine,BUY,2@500,M-1573,LIMIT,REF:'firstOrder',PVT_TO:M000)
[2020-08-29 21:10:31,913:      agent.FirstBot]:     INFO - Order(9302454,Mine,BUY,2@500,M-1573,LIMIT,REF:'firstOrder',PVT_TO:M000)
[2020-08-29 21:10:31,913:      agent.FirstBot]:     INFO - Order(9302456,Mine,BUY,2@500,M-1573,LIMIT,REF:'firstOrder',PVT_TO:M000)
[2020-08-29 21:10:31,913:      agent.FirstBot]:     INFO - Order(9302457,Mine,BUY,2@500,M-1573,LIMIT,REF:'firstOrder',PVT_TO:M000)
[2020-08-29 21:10:31,913:      agent.FirstBot]:     INFO - Order(9302556,Mine,BUY,2@500,M-1573,LIMIT,REF:'firstOrder',PVT_TO:M000)
[2020-08-29 21:10:31,913:      agent.FirstBot]:     INFO - Order(9302557,Mine,BUY,2@500,M-1573,LIMIT,REF:'firstOrder',PVT_TO:M000)
[2020-08-29 21:10:31,913:      agent.FirstBot]:     INFO - Order(9303256,Mine,BUY,2@500,M-1573,LIMIT,REF:'firstOrder',PVT_TO:M000)
[2020-08-29 21:10:31,914:      agent.FirstBot]:     INFO - Order(9303257,Mine,BUY,2@500,M-1573,LIMIT,REF:'firstOrder',PVT_TO:M000)
[2020-08-29 21:10:31,914:      agent.FirstBot]:     INFO - Order(9303259,Others,BUY,1@674,M-1572,LIMIT,REF:'fm-ui 2.0.0-beta.48')
[2020-08-29 21:10:31,914:      agent.FirstBot]:     INFO - Order(9303260,Others,SELL,1@674,M-1572,LIMIT,REF:'fm-ui 2.0.0-beta.48')
[2020-08-29 21:10:31,914:      agent.FirstBot]:     INFO - Order(9303262,Mine,BUY,2@500,M-1573,LIMIT,REF:'firstOrder',PVT_TO:M000)
[2020-08-29 21:10:31,914:      agent.FirstBot]:     INFO - Order(9303271,Others,BUY,1@674,M-1572,LIMIT,REF:'fm-ui 2.0.0-beta.48')
[2020-08-29 21:10:31,914:      agent.FirstBot]:     INFO - Order(9303277,Others,BUY,1@297,M-1572,LIMIT,REF:'fm-ui 2.0.0-beta.48')
[2020-08-29 21:10:31,914:      agent.FirstBot]:     INFO - Order(9303293,Others,SELL,1@297,M-1572,LIMIT,REF:'fm-ui 2.0.0-beta.48')
[2020-08-29 21:10:31,914:      agent.FirstBot]:     INFO - Order(9303295,Others,BUY,1@900,M-1572,LIMIT,REF:'fm-ui 2.0.0-beta.48')
[2020-08-29 21:10:31,914:      agent.FirstBot]:     INFO - Order(9303296,Others,SELL,1@900,M-1572,LIMIT,REF:'fm-ui 2.0.0-beta.48')
[2020-08-29 21:10:31,914:      agent.FirstBot]:     INFO - Order(9985111,Others,BUY,1@0,M-1572,LIMIT,REF:'fm-ui 2.0.0-beta.48')
[2020-08-29 21:10:31,914:      agent.FirstBot]:     INFO - Order(9994736,Others,SELL,1@1000,M-1572,LIMIT,REF:'fm-ui 2.0.0-beta.48')
[2020-08-29 21:10:31,914:      agent.FirstBot]:     INFO - Order(9994848,Others,SELL,1@0,M-1572,LIMIT)
[2020-08-29 21:10:31,915:      agent.FirstBot]:     INFO - Order(9994850,Others,BUY,1@900,M-1572,LIMIT)
[2020-08-29 21:10:31,915:      agent.FirstBot]:     INFO - Order(10208985,Others,BUY,2@900,M-1572,LIMIT,REF:'fm-ui 2.0.0-beta.48')
[2020-08-29 21:10:31,915:      agent.FirstBot]:     INFO - Order(10209004,Others,BUY,1@1000,M-1572,LIMIT,REF:'fm-ui 2.0.0-beta.48')
[2020-08-29 21:10:31,915:      agent.FirstBot]:     INFO - Order(10209018,Others,BUY,1@1000,M-1572,LIMIT,REF:'fm-ui 2.0.0-beta.48')
[2020-08-29 21:10:31,915:      agent.FirstBot]:     INFO - Order(10209019,Others,BUY,1@1000,M-1572,LIMIT,REF:'fm-ui 2.0.0-beta.48')
[2020-08-29 21:10:31,915:      agent.FirstBot]:     INFO - Order(10211454,Others,SELL,1@1000,M-1572,LIMIT,REF:'fm-ui 2.0.0-beta.48')
[2020-08-29 21:10:31,915:      agent.FirstBot]:     INFO - Order(10211546,Others,SELL,1@1000,M-1572,LIMIT,REF:'fm-ui 2.0.0-beta.48')
[2020-08-29 21:10:31,915:      agent.FirstBot]:     INFO - Order(10217680,Others,BUY,1@199,M-1572,LIMIT,REF:'Test')
[2020-08-29 21:10:31,915:      agent.FirstBot]:     INFO - Order(10229840,Others,SELL,1@199,M-1572,LIMIT,REF:'Order: 1 - SM')
[2020-08-29 21:10:31,915:      agent.FirstBot]:     INFO - Order(10229961,Others,BUY,1@34,M-1572,LIMIT,REF:'fm-ui 2.0.0-beta.48')
[2020-08-29 21:10:31,915:      agent.FirstBot]:     INFO - Order(10275035,Others,BUY,1@195,M-1572,LIMIT,REF:'fm-ui 2.0.0-beta.48')
[2020-08-29 21:10:31,916:      agent.FirstBot]:     INFO - Order(10269028,Others,SELL,1@195,M-1572,LIMIT,REF:'fm-ui 2.0.0-beta.48')
[2020-08-29 21:10:31,916:      agent.FirstBot]:     INFO - Order(10269029,Others,BUY,1@195,M-1572,LIMIT,REF:'fm-ui 2.0.0-beta.48')
[2020-08-29 21:10:31,916:      agent.FirstBot]:     INFO - Order(10269048,Others,SELL,1@195,M-1572,LIMIT,REF:'fm-ui 2.0.0-beta.48')
[2020-08-29 21:10:31,916:      agent.FirstBot]:     INFO - Order(10269049,Others,BUY,1@195,M-1572,LIMIT,REF:'fm-ui 2.0.0-beta.48')
[2020-08-29 21:10:31,916:      agent.FirstBot]:     INFO - Order(10269125,Others,BUY,1@1,M-1572,LIMIT,REF:'fm-ui 2.0.0-beta.48')
[2020-08-29 21:10:31,916:      agent.FirstBot]:     INFO - Order(10269126,Others,BUY,1@1,M-1572,LIMIT,REF:'fm-ui 2.0.0-beta.48')
[2020-08-29 21:10:31,916:      agent.FirstBot]:     INFO - Order(10269127,Others,BUY,1@2,M-1572,LIMIT,REF:'fm-ui 2.0.0-beta.48')
[2020-08-29 21:10:31,916:      agent.FirstBot]:     INFO - Order(10269128,Others,BUY,1@2,M-1572,LIMIT,REF:'fm-ui 2.0.0-beta.48')
[2020-08-29 21:10:31,916:      agent.FirstBot]:     INFO - Order(10275010,Others,SELL,1@195,M-1572,LIMIT,REF:'fm-ui 2.0.0-beta.48')
[2020-08-29 21:10:31,916:      agent.FirstBot]:     INFO - Order(10275011,Others,BUY,1@195,M-1572,LIMIT,REF:'fm-ui 2.0.0-beta.48')
[2020-08-29 21:10:31,916:      agent.FirstBot]:     INFO - Order(10275033,Others,SELL,1@195,M-1572,LIMIT,REF:'fm-ui 2.0.0-beta.48')
[2020-08-29 21:10:31,916:      agent.FirstBot]:     INFO - Order(10275034,Others,BUY,1@195,M-1572,LIMIT,REF:'fm-ui 2.0.0-beta.48')
[2020-08-29 21:10:31,917:      agent.FirstBot]:     INFO - Order(10276744,Others,SELL,1@195,M-1572,LIMIT,REF:'fm-ui 2.0.0-beta.48')
[2020-08-29 21:10:31,917:      agent.FirstBot]:     INFO - Order(10276983,Others,SELL,1@34,M-1572,LIMIT,REF:'fm-ui 2.0.0-beta.48')
[2020-08-29 21:10:31,917:      agent.FirstBot]:     INFO - Order(10277225,Others,SELL,1@2,M-1572,LIMIT,REF:'fm-ui 2.0.0-beta.48')
[2020-08-29 21:10:31,917:      agent.FirstBot]:     INFO - Order(10277663,Others,SELL,1@2,M-1572,LIMIT,REF:'fm-ui 2.0.0-beta.48')
[2020-08-29 21:10:31,917:      agent.FirstBot]:     INFO - Order(10279114,Others,SELL,1@1,M-1572,LIMIT,REF:'fm-ui 2.0.0-beta.48')
[2020-08-29 21:10:31,917:      agent.FirstBot]:     INFO - Order(10279115,Others,SELL,1@1,M-1572,LIMIT,REF:'fm-ui 2.0.0-beta.48')
[2020-08-29 21:10:31,917:      agent.FirstBot]:     INFO - Order(10279535,Others,BUY,1@41,M-1572,LIMIT,REF:'fm-ui 2.0.0-beta.48')
[2020-08-29 21:10:31,917:      agent.FirstBot]:     INFO - Order(10279556,Others,SELL,1@41,M-1572,LIMIT,REF:'fm-ui 2.0.0-beta.48')
[2020-08-29 21:10:31,917:      agent.FirstBot]:     INFO - Order(10280123,Others,SELL,1@502,M-1572,LIMIT,REF:'fm-ui 2.0.0-beta.48')
[2020-08-29 21:10:31,917:      agent.FirstBot]:     INFO - Order(10280157,Others,BUY,1@502,M-1572,LIMIT,REF:'fm-ui 2.0.0-beta.48')
[2020-08-29 21:10:31,917:      agent.FirstBot]:     INFO - Order(10280263,Others,BUY,1@392,M-1572,LIMIT,REF:'fm-ui 2.0.0-beta.48')
[2020-08-29 21:10:31,917:      agent.FirstBot]:     INFO - Order(10280333,Others,SELL,1@392,M-1572,LIMIT,REF:'fm-ui 2.0.0-beta.48')
[2020-08-29 21:10:31,918:      agent.FirstBot]:     INFO - Order(10282197,Others,BUY,1@5,M-1572,LIMIT,REF:'Test order')
[2020-08-29 21:10:31,918:      agent.FirstBot]:     INFO - Order(10292817,Others,SELL,1@5,M-1572,LIMIT,REF:'fm-ui 2.0.0-beta.48')

=============================== Log Started [2020-08-29 21:10:39 AEST] ===============================
[2020-08-29 21:10:41,382:      agent.FirstBot]:     INFO - Requesting initial information for marketplace `898`
[2020-08-29 21:10:43,441:      agent.FirstBot]:     INFO - Initialisation complete. Received marketplace information.
[2020-08-29 21:10:43,441:      agent.FirstBot]:     INFO - Market(1572,widget,Widget,False)
[2020-08-29 21:10:43,441:      agent.FirstBot]:     INFO - Market(1573,privateWidget,PrivateWidget,True)
[2020-08-29 21:10:43,944:      agent.FirstBot]:     INFO - Session: SID:13473:SessionState.OPEN
[2020-08-29 21:10:44,200:      agent.FirstBot]:     INFO - Asset(Market(1572,widget,Widget,False),15,15,15,0,True,True)
[2020-08-29 21:10:44,200:      agent.FirstBot]:     INFO - Asset(Market(1573,privateWidget,PrivateWidget,True),15,15,15,0,True,True)
[2020-08-29 21:10:44,207:      agent.FirstBot]:     INFO - Order(8985909,Others,BUY,1@0,M-1572,LIMIT,REF:'fm-ui 2.0.0-beta.48')
[2020-08-29 21:10:44,207:      agent.FirstBot]:     INFO - Order(8985911,Others,SELL,1@1000,M-1572,LIMIT,REF:'fm-ui 2.0.0-beta.48')
[2020-08-29 21:10:44,208:      agent.FirstBot]:     INFO - Order(8985925,Others,BUY,1@1000,M-1572,LIMIT,REF:'fm-ui 2.0.0-beta.48')
[2020-08-29 21:10:44,208:      agent.FirstBot]:     INFO - Order(9303297,Others,SELL,1@900,M-1572,LIMIT,REF:'Test')
[2020-08-29 21:10:44,208:      agent.FirstBot]:     INFO - Order(9275437,Others,SELL,2@900,M-1572,LIMIT,REF:'Test')
[2020-08-29 21:10:44,208:      agent.FirstBot]:     INFO - Order(9277638,Others,SELL,1@420,M-1572,LIMIT,REF:'Test')
[2020-08-29 21:10:44,208:      agent.FirstBot]:     INFO - Order(9275841,Others,BUY,1@78,M-1572,LIMIT,REF:'fm-ui 2.0.0-beta.48')
[2020-08-29 21:10:44,208:      agent.FirstBot]:     INFO - Order(9286070,Others,SELL,1@674,M-1572,LIMIT,REF:'Test')
[2020-08-29 21:10:44,208:      agent.FirstBot]:     INFO - Order(9303261,Others,SELL,1@674,M-1572,LIMIT,REF:'Test')
[2020-08-29 21:10:44,208:      agent.FirstBot]:     INFO - Order(9277636,Others,BUY,1@420,M-1572,LIMIT,REF:'test order')
[2020-08-29 21:10:44,208:      agent.FirstBot]:     INFO - Order(9277637,Others,SELL,1@420,M-1572,LIMIT,REF:'test order')
[2020-08-29 21:10:44,208:      agent.FirstBot]:     INFO - Order(9278280,Others,BUY,1@420,M-1572,LIMIT,REF:'test order')
[2020-08-29 21:10:44,208:      agent.FirstBot]:     INFO - Order(9286038,Others,SELL,1@78,M-1572,LIMIT,REF:'fm-ui 2.0.0-beta.48')
[2020-08-29 21:10:44,209:      agent.FirstBot]:     INFO - Order(9286041,Others,BUY,1@1,M-1572,LIMIT,REF:'fm-ui 2.0.0-beta.48')
[2020-08-29 21:10:44,209:      agent.FirstBot]:     INFO - Order(9286068,Others,BUY,1@674,M-1572,LIMIT,REF:'fm-ui 2.0.0-beta.48')
[2020-08-29 21:10:44,209:      agent.FirstBot]:     INFO - Order(9286069,Others,SELL,1@674,M-1572,LIMIT,REF:'fm-ui 2.0.0-beta.48')
[2020-08-29 21:10:44,209:      agent.FirstBot]:     INFO - Order(9286513,Others,BUY,1@674,M-1572,LIMIT,REF:'fm-ui 2.0.0-beta.48')
[2020-08-29 21:10:44,209:      agent.FirstBot]:     INFO - Order(9287209,Others,SELL,1@1,M-1572,LIMIT,REF:'fm-ui 2.0.0-beta.48')
[2020-08-29 21:10:44,209:      agent.FirstBot]:     INFO - Order(9287800,Others,SELL,1@0,M-1572,LIMIT,REF:'fm-ui 2.0.0-beta.48')
[2020-08-29 21:10:44,209:      agent.FirstBot]:     INFO - Order(9302443,Mine,BUY,2@500,M-1573,LIMIT,REF:'firstOrder',PVT_TO:M000)
[2020-08-29 21:10:44,209:      agent.FirstBot]:     INFO - Order(9302444,Mine,BUY,2@500,M-1573,LIMIT,REF:'firstOrder',PVT_TO:M000)
[2020-08-29 21:10:44,209:      agent.FirstBot]:     INFO - Order(9302445,Mine,BUY,2@500,M-1573,LIMIT,REF:'firstOrder',PVT_TO:M000)
[2020-08-29 21:10:44,209:      agent.FirstBot]:     INFO - Order(9302446,Mine,BUY,2@500,M-1573,LIMIT,REF:'firstOrder',PVT_TO:M000)
[2020-08-29 21:10:44,209:      agent.FirstBot]:     INFO - Order(9302447,Mine,BUY,2@500,M-1573,LIMIT,REF:'firstOrder',PVT_TO:M000)
[2020-08-29 21:10:44,209:      agent.FirstBot]:     INFO - Order(9302448,Mine,BUY,2@500,M-1573,LIMIT,REF:'firstOrder',PVT_TO:M000)
[2020-08-29 21:10:44,210:      agent.FirstBot]:     INFO - Order(9302453,Mine,BUY,2@500,M-1573,LIMIT,REF:'firstOrder',PVT_TO:M000)
[2020-08-29 21:10:44,210:      agent.FirstBot]:     INFO - Order(9302454,Mine,BUY,2@500,M-1573,LIMIT,REF:'firstOrder',PVT_TO:M000)
[2020-08-29 21:10:44,210:      agent.FirstBot]:     INFO - Order(9302456,Mine,BUY,2@500,M-1573,LIMIT,REF:'firstOrder',PVT_TO:M000)
[2020-08-29 21:10:44,210:      agent.FirstBot]:     INFO - Order(9302457,Mine,BUY,2@500,M-1573,LIMIT,REF:'firstOrder',PVT_TO:M000)
[2020-08-29 21:10:44,210:      agent.FirstBot]:     INFO - Order(9302556,Mine,BUY,2@500,M-1573,LIMIT,REF:'firstOrder',PVT_TO:M000)
[2020-08-29 21:10:44,210:      agent.FirstBot]:     INFO - Order(9302557,Mine,BUY,2@500,M-1573,LIMIT,REF:'firstOrder',PVT_TO:M000)
[2020-08-29 21:10:44,210:      agent.FirstBot]:     INFO - Order(9303256,Mine,BUY,2@500,M-1573,LIMIT,REF:'firstOrder',PVT_TO:M000)
[2020-08-29 21:10:44,210:      agent.FirstBot]:     INFO - Order(9303257,Mine,BUY,2@500,M-1573,LIMIT,REF:'firstOrder',PVT_TO:M000)
[2020-08-29 21:10:44,210:      agent.FirstBot]:     INFO - Order(9303259,Others,BUY,1@674,M-1572,LIMIT,REF:'fm-ui 2.0.0-beta.48')
[2020-08-29 21:10:44,210:      agent.FirstBot]:     INFO - Order(9303260,Others,SELL,1@674,M-1572,LIMIT,REF:'fm-ui 2.0.0-beta.48')
[2020-08-29 21:10:44,210:      agent.FirstBot]:     INFO - Order(9303262,Mine,BUY,2@500,M-1573,LIMIT,REF:'firstOrder',PVT_TO:M000)
[2020-08-29 21:10:44,210:      agent.FirstBot]:     INFO - Order(9303271,Others,BUY,1@674,M-1572,LIMIT,REF:'fm-ui 2.0.0-beta.48')
[2020-08-29 21:10:44,211:      agent.FirstBot]:     INFO - Order(9303277,Others,BUY,1@297,M-1572,LIMIT,REF:'fm-ui 2.0.0-beta.48')
[2020-08-29 21:10:44,211:      agent.FirstBot]:     INFO - Order(9303293,Others,SELL,1@297,M-1572,LIMIT,REF:'fm-ui 2.0.0-beta.48')
[2020-08-29 21:10:44,211:      agent.FirstBot]:     INFO - Order(9303295,Others,BUY,1@900,M-1572,LIMIT,REF:'fm-ui 2.0.0-beta.48')
[2020-08-29 21:10:44,211:      agent.FirstBot]:     INFO - Order(9303296,Others,SELL,1@900,M-1572,LIMIT,REF:'fm-ui 2.0.0-beta.48')
[2020-08-29 21:10:44,211:      agent.FirstBot]:     INFO - Order(9985111,Others,BUY,1@0,M-1572,LIMIT,REF:'fm-ui 2.0.0-beta.48')
[2020-08-29 21:10:44,211:      agent.FirstBot]:     INFO - Order(9994736,Others,SELL,1@1000,M-1572,LIMIT,REF:'fm-ui 2.0.0-beta.48')
[2020-08-29 21:10:44,211:      agent.FirstBot]:     INFO - Order(9994848,Others,SELL,1@0,M-1572,LIMIT)
[2020-08-29 21:10:44,211:      agent.FirstBot]:     INFO - Order(9994850,Others,BUY,1@900,M-1572,LIMIT)
[2020-08-29 21:10:44,211:      agent.FirstBot]:     INFO - Order(10208985,Others,BUY,2@900,M-1572,LIMIT,REF:'fm-ui 2.0.0-beta.48')
[2020-08-29 21:10:44,211:      agent.FirstBot]:     INFO - Order(10209004,Others,BUY,1@1000,M-1572,LIMIT,REF:'fm-ui 2.0.0-beta.48')
[2020-08-29 21:10:44,211:      agent.FirstBot]:     INFO - Order(10209018,Others,BUY,1@1000,M-1572,LIMIT,REF:'fm-ui 2.0.0-beta.48')
[2020-08-29 21:10:44,211:      agent.FirstBot]:     INFO - Order(10209019,Others,BUY,1@1000,M-1572,LIMIT,REF:'fm-ui 2.0.0-beta.48')
[2020-08-29 21:10:44,212:      agent.FirstBot]:     INFO - Order(10211454,Others,SELL,1@1000,M-1572,LIMIT,REF:'fm-ui 2.0.0-beta.48')
[2020-08-29 21:10:44,212:      agent.FirstBot]:     INFO - Order(10211546,Others,SELL,1@1000,M-1572,LIMIT,REF:'fm-ui 2.0.0-beta.48')
[2020-08-29 21:10:44,212:      agent.FirstBot]:     INFO - Order(10217680,Others,BUY,1@199,M-1572,LIMIT,REF:'Test')
[2020-08-29 21:10:44,212:      agent.FirstBot]:     INFO - Order(10229840,Others,SELL,1@199,M-1572,LIMIT,REF:'Order: 1 - SM')
[2020-08-29 21:10:44,212:      agent.FirstBot]:     INFO - Order(10229961,Others,BUY,1@34,M-1572,LIMIT,REF:'fm-ui 2.0.0-beta.48')
[2020-08-29 21:10:44,212:      agent.FirstBot]:     INFO - Order(10275035,Others,BUY,1@195,M-1572,LIMIT,REF:'fm-ui 2.0.0-beta.48')
[2020-08-29 21:10:44,212:      agent.FirstBot]:     INFO - Order(10269028,Others,SELL,1@195,M-1572,LIMIT,REF:'fm-ui 2.0.0-beta.48')
[2020-08-29 21:10:44,212:      agent.FirstBot]:     INFO - Order(10269029,Others,BUY,1@195,M-1572,LIMIT,REF:'fm-ui 2.0.0-beta.48')
[2020-08-29 21:10:44,212:      agent.FirstBot]:     INFO - Order(10269048,Others,SELL,1@195,M-1572,LIMIT,REF:'fm-ui 2.0.0-beta.48')
[2020-08-29 21:10:44,212:      agent.FirstBot]:     INFO - Order(10269049,Others,BUY,1@195,M-1572,LIMIT,REF:'fm-ui 2.0.0-beta.48')
[2020-08-29 21:10:44,212:      agent.FirstBot]:     INFO - Order(10269125,Others,BUY,1@1,M-1572,LIMIT,REF:'fm-ui 2.0.0-beta.48')
[2020-08-29 21:10:44,212:      agent.FirstBot]:     INFO - Order(10269126,Others,BUY,1@1,M-1572,LIMIT,REF:'fm-ui 2.0.0-beta.48')
[2020-08-29 21:10:44,212:      agent.FirstBot]:     INFO - Order(10269127,Others,BUY,1@2,M-1572,LIMIT,REF:'fm-ui 2.0.0-beta.48')
[2020-08-29 21:10:44,213:      agent.FirstBot]:     INFO - Order(10269128,Others,BUY,1@2,M-1572,LIMIT,REF:'fm-ui 2.0.0-beta.48')
[2020-08-29 21:10:44,213:      agent.FirstBot]:     INFO - Order(10275010,Others,SELL,1@195,M-1572,LIMIT,REF:'fm-ui 2.0.0-beta.48')
[2020-08-29 21:10:44,213:      agent.FirstBot]:     INFO - Order(10275011,Others,BUY,1@195,M-1572,LIMIT,REF:'fm-ui 2.0.0-beta.48')
[2020-08-29 21:10:44,213:      agent.FirstBot]:     INFO - Order(10275033,Others,SELL,1@195,M-1572,LIMIT,REF:'fm-ui 2.0.0-beta.48')
[2020-08-29 21:10:44,213:      agent.FirstBot]:     INFO - Order(10275034,Others,BUY,1@195,M-1572,LIMIT,REF:'fm-ui 2.0.0-beta.48')
[2020-08-29 21:10:44,213:      agent.FirstBot]:     INFO - Order(10276744,Others,SELL,1@195,M-1572,LIMIT,REF:'fm-ui 2.0.0-beta.48')
[2020-08-29 21:10:44,213:      agent.FirstBot]:     INFO - Order(10276983,Others,SELL,1@34,M-1572,LIMIT,REF:'fm-ui 2.0.0-beta.48')
[2020-08-29 21:10:44,213:      agent.FirstBot]:     INFO - Order(10277225,Others,SELL,1@2,M-1572,LIMIT,REF:'fm-ui 2.0.0-beta.48')
[2020-08-29 21:10:44,213:      agent.FirstBot]:     INFO - Order(10277663,Others,SELL,1@2,M-1572,LIMIT,REF:'fm-ui 2.0.0-beta.48')
[2020-08-29 21:10:44,213:      agent.FirstBot]:     INFO - Order(10279114,Others,SELL,1@1,M-1572,LIMIT,REF:'fm-ui 2.0.0-beta.48')
[2020-08-29 21:10:44,213:      agent.FirstBot]:     INFO - Order(10279115,Others,SELL,1@1,M-1572,LIMIT,REF:'fm-ui 2.0.0-beta.48')
[2020-08-29 21:10:44,213:      agent.FirstBot]:     INFO - Order(10279535,Others,BUY,1@41,M-1572,LIMIT,REF:'fm-ui 2.0.0-beta.48')
[2020-08-29 21:10:44,214:      agent.FirstBot]:     INFO - Order(10279556,Others,SELL,1@41,M-1572,LIMIT,REF:'fm-ui 2.0.0-beta.48')
[2020-08-29 21:10:44,214:      agent.FirstBot]:     INFO - Order(10280123,Others,SELL,1@502,M-1572,LIMIT,REF:'fm-ui 2.0.0-beta.48')
[2020-08-29 21:10:44,214:      agent.FirstBot]:     INFO - Order(10280157,Others,BUY,1@502,M-1572,LIMIT,REF:'fm-ui 2.0.0-beta.48')
[2020-08-29 21:10:44,214:      agent.FirstBot]:     INFO - Order(10280263,Others,BUY,1@392,M-1572,LIMIT,REF:'fm-ui 2.0.0-beta.48')
[2020-08-29 21:10:44,214:      agent.FirstBot]:     INFO - Order(10280333,Others,SELL,1@392,M-1572,LIMIT,REF:'fm-ui 2.0.0-beta.48')
[2020-08-29 21:10:44,214:      agent.FirstBot]:     INFO - Order(10282197,Others,BUY,1@5,M-1572,LIMIT,REF:'Test order')
[2020-08-29 21:10:44,214:      agent.FirstBot]:     INFO - Order(10292817,Others,SELL,1@5,M-1572,LIMIT,REF:'fm-ui 2.0.0-beta.48')
[2020-08-29 21:10:44,693:      agent.FirstBot]:     INFO - Order rejected=============================
[2020-08-29 21:10:44,693:      agent.FirstBot]:     INFO - {'response': {'status': 'BAD_REQUEST', 'error': 'ORDER_INSUFFICIENT_ASSETS', 'message': 'Insufficient assets.'}, 'code': 400}

=============================== Log Started [2020-08-29 21:11:15 AEST] ===============================
[2020-08-29 21:11:17,677:      agent.FirstBot]:     INFO - Requesting initial information for marketplace `898`
[2020-08-29 21:11:19,688:      agent.FirstBot]:     INFO - Initialisation complete. Received marketplace information.
[2020-08-29 21:11:19,689:      agent.FirstBot]:     INFO - Market(1572,widget,Widget,False)
[2020-08-29 21:11:19,689:      agent.FirstBot]:     INFO - Market(1573,privateWidget,PrivateWidget,True)
[2020-08-29 21:11:20,196:      agent.FirstBot]:     INFO - Session: SID:13473:SessionState.OPEN
[2020-08-29 21:11:20,197:      agent.FirstBot]:     INFO - Asset(Market(1572,widget,Widget,False),15,15,15,0,True,True)
[2020-08-29 21:11:20,197:      agent.FirstBot]:     INFO - Asset(Market(1573,privateWidget,PrivateWidget,True),15,15,15,0,True,True)
[2020-08-29 21:11:20,454:      agent.FirstBot]:     INFO - Order(8985909,Others,BUY,1@0,M-1572,LIMIT,REF:'fm-ui 2.0.0-beta.48')
[2020-08-29 21:11:20,455:      agent.FirstBot]:     INFO - Order(8985911,Others,SELL,1@1000,M-1572,LIMIT,REF:'fm-ui 2.0.0-beta.48')
[2020-08-29 21:11:20,455:      agent.FirstBot]:     INFO - Order(8985925,Others,BUY,1@1000,M-1572,LIMIT,REF:'fm-ui 2.0.0-beta.48')
[2020-08-29 21:11:20,455:      agent.FirstBot]:     INFO - Order(9303297,Others,SELL,1@900,M-1572,LIMIT,REF:'Test')
[2020-08-29 21:11:20,455:      agent.FirstBot]:     INFO - Order(9275437,Others,SELL,2@900,M-1572,LIMIT,REF:'Test')
[2020-08-29 21:11:20,455:      agent.FirstBot]:     INFO - Order(9277638,Others,SELL,1@420,M-1572,LIMIT,REF:'Test')
[2020-08-29 21:11:20,455:      agent.FirstBot]:     INFO - Order(9275841,Others,BUY,1@78,M-1572,LIMIT,REF:'fm-ui 2.0.0-beta.48')
[2020-08-29 21:11:20,455:      agent.FirstBot]:     INFO - Order(9286070,Others,SELL,1@674,M-1572,LIMIT,REF:'Test')
[2020-08-29 21:11:20,455:      agent.FirstBot]:     INFO - Order(9303261,Others,SELL,1@674,M-1572,LIMIT,REF:'Test')
[2020-08-29 21:11:20,455:      agent.FirstBot]:     INFO - Order(9277636,Others,BUY,1@420,M-1572,LIMIT,REF:'test order')
[2020-08-29 21:11:20,456:      agent.FirstBot]:     INFO - Order(9277637,Others,SELL,1@420,M-1572,LIMIT,REF:'test order')
[2020-08-29 21:11:20,456:      agent.FirstBot]:     INFO - Order(9278280,Others,BUY,1@420,M-1572,LIMIT,REF:'test order')
[2020-08-29 21:11:20,456:      agent.FirstBot]:     INFO - Order(9286038,Others,SELL,1@78,M-1572,LIMIT,REF:'fm-ui 2.0.0-beta.48')
[2020-08-29 21:11:20,456:      agent.FirstBot]:     INFO - Order(9286041,Others,BUY,1@1,M-1572,LIMIT,REF:'fm-ui 2.0.0-beta.48')
[2020-08-29 21:11:20,456:      agent.FirstBot]:     INFO - Order(9286068,Others,BUY,1@674,M-1572,LIMIT,REF:'fm-ui 2.0.0-beta.48')
[2020-08-29 21:11:20,456:      agent.FirstBot]:     INFO - Order(9286069,Others,SELL,1@674,M-1572,LIMIT,REF:'fm-ui 2.0.0-beta.48')
[2020-08-29 21:11:20,456:      agent.FirstBot]:     INFO - Order(9286513,Others,BUY,1@674,M-1572,LIMIT,REF:'fm-ui 2.0.0-beta.48')
[2020-08-29 21:11:20,456:      agent.FirstBot]:     INFO - Order(9287209,Others,SELL,1@1,M-1572,LIMIT,REF:'fm-ui 2.0.0-beta.48')
[2020-08-29 21:11:20,456:      agent.FirstBot]:     INFO - Order(9287800,Others,SELL,1@0,M-1572,LIMIT,REF:'fm-ui 2.0.0-beta.48')
[2020-08-29 21:11:20,456:      agent.FirstBot]:     INFO - Order(9302443,Mine,BUY,2@500,M-1573,LIMIT,REF:'firstOrder',PVT_TO:M000)
[2020-08-29 21:11:20,456:      agent.FirstBot]:     INFO - Order(9302444,Mine,BUY,2@500,M-1573,LIMIT,REF:'firstOrder',PVT_TO:M000)
[2020-08-29 21:11:20,456:      agent.FirstBot]:     INFO - Order(9302445,Mine,BUY,2@500,M-1573,LIMIT,REF:'firstOrder',PVT_TO:M000)
[2020-08-29 21:11:20,457:      agent.FirstBot]:     INFO - Order(9302446,Mine,BUY,2@500,M-1573,LIMIT,REF:'firstOrder',PVT_TO:M000)
[2020-08-29 21:11:20,457:      agent.FirstBot]:     INFO - Order(9302447,Mine,BUY,2@500,M-1573,LIMIT,REF:'firstOrder',PVT_TO:M000)
[2020-08-29 21:11:20,457:      agent.FirstBot]:     INFO - Order(9302448,Mine,BUY,2@500,M-1573,LIMIT,REF:'firstOrder',PVT_TO:M000)
[2020-08-29 21:11:20,457:      agent.FirstBot]:     INFO - Order(9302453,Mine,BUY,2@500,M-1573,LIMIT,REF:'firstOrder',PVT_TO:M000)
[2020-08-29 21:11:20,457:      agent.FirstBot]:     INFO - Order(9302454,Mine,BUY,2@500,M-1573,LIMIT,REF:'firstOrder',PVT_TO:M000)
[2020-08-29 21:11:20,457:      agent.FirstBot]:     INFO - Order(9302456,Mine,BUY,2@500,M-1573,LIMIT,REF:'firstOrder',PVT_TO:M000)
[2020-08-29 21:11:20,457:      agent.FirstBot]:     INFO - Order(9302457,Mine,BUY,2@500,M-1573,LIMIT,REF:'firstOrder',PVT_TO:M000)
[2020-08-29 21:11:20,457:      agent.FirstBot]:     INFO - Order(9302556,Mine,BUY,2@500,M-1573,LIMIT,REF:'firstOrder',PVT_TO:M000)
[2020-08-29 21:11:20,457:      agent.FirstBot]:     INFO - Order(9302557,Mine,BUY,2@500,M-1573,LIMIT,REF:'firstOrder',PVT_TO:M000)
[2020-08-29 21:11:20,457:      agent.FirstBot]:     INFO - Order(9303256,Mine,BUY,2@500,M-1573,LIMIT,REF:'firstOrder',PVT_TO:M000)
[2020-08-29 21:11:20,457:      agent.FirstBot]:     INFO - Order(9303257,Mine,BUY,2@500,M-1573,LIMIT,REF:'firstOrder',PVT_TO:M000)
[2020-08-29 21:11:20,457:      agent.FirstBot]:     INFO - Order(9303259,Others,BUY,1@674,M-1572,LIMIT,REF:'fm-ui 2.0.0-beta.48')
[2020-08-29 21:11:20,458:      agent.FirstBot]:     INFO - Order(9303260,Others,SELL,1@674,M-1572,LIMIT,REF:'fm-ui 2.0.0-beta.48')
[2020-08-29 21:11:20,458:      agent.FirstBot]:     INFO - Order(9303262,Mine,BUY,2@500,M-1573,LIMIT,REF:'firstOrder',PVT_TO:M000)
[2020-08-29 21:11:20,458:      agent.FirstBot]:     INFO - Order(9303271,Others,BUY,1@674,M-1572,LIMIT,REF:'fm-ui 2.0.0-beta.48')
[2020-08-29 21:11:20,458:      agent.FirstBot]:     INFO - Order(9303277,Others,BUY,1@297,M-1572,LIMIT,REF:'fm-ui 2.0.0-beta.48')
[2020-08-29 21:11:20,458:      agent.FirstBot]:     INFO - Order(9303293,Others,SELL,1@297,M-1572,LIMIT,REF:'fm-ui 2.0.0-beta.48')
[2020-08-29 21:11:20,458:      agent.FirstBot]:     INFO - Order(9303295,Others,BUY,1@900,M-1572,LIMIT,REF:'fm-ui 2.0.0-beta.48')
[2020-08-29 21:11:20,458:      agent.FirstBot]:     INFO - Order(9303296,Others,SELL,1@900,M-1572,LIMIT,REF:'fm-ui 2.0.0-beta.48')
[2020-08-29 21:11:20,458:      agent.FirstBot]:     INFO - Order(9985111,Others,BUY,1@0,M-1572,LIMIT,REF:'fm-ui 2.0.0-beta.48')
[2020-08-29 21:11:20,458:      agent.FirstBot]:     INFO - Order(9994736,Others,SELL,1@1000,M-1572,LIMIT,REF:'fm-ui 2.0.0-beta.48')
[2020-08-29 21:11:20,458:      agent.FirstBot]:     INFO - Order(9994848,Others,SELL,1@0,M-1572,LIMIT)
[2020-08-29 21:11:20,458:      agent.FirstBot]:     INFO - Order(9994850,Others,BUY,1@900,M-1572,LIMIT)
[2020-08-29 21:11:20,458:      agent.FirstBot]:     INFO - Order(10208985,Others,BUY,2@900,M-1572,LIMIT,REF:'fm-ui 2.0.0-beta.48')
[2020-08-29 21:11:20,459:      agent.FirstBot]:     INFO - Order(10209004,Others,BUY,1@1000,M-1572,LIMIT,REF:'fm-ui 2.0.0-beta.48')
[2020-08-29 21:11:20,459:      agent.FirstBot]:     INFO - Order(10209018,Others,BUY,1@1000,M-1572,LIMIT,REF:'fm-ui 2.0.0-beta.48')
[2020-08-29 21:11:20,459:      agent.FirstBot]:     INFO - Order(10209019,Others,BUY,1@1000,M-1572,LIMIT,REF:'fm-ui 2.0.0-beta.48')
[2020-08-29 21:11:20,459:      agent.FirstBot]:     INFO - Order(10211454,Others,SELL,1@1000,M-1572,LIMIT,REF:'fm-ui 2.0.0-beta.48')
[2020-08-29 21:11:20,459:      agent.FirstBot]:     INFO - Order(10211546,Others,SELL,1@1000,M-1572,LIMIT,REF:'fm-ui 2.0.0-beta.48')
[2020-08-29 21:11:20,459:      agent.FirstBot]:     INFO - Order(10217680,Others,BUY,1@199,M-1572,LIMIT,REF:'Test')
[2020-08-29 21:11:20,459:      agent.FirstBot]:     INFO - Order(10229840,Others,SELL,1@199,M-1572,LIMIT,REF:'Order: 1 - SM')
[2020-08-29 21:11:20,459:      agent.FirstBot]:     INFO - Order(10229961,Others,BUY,1@34,M-1572,LIMIT,REF:'fm-ui 2.0.0-beta.48')
[2020-08-29 21:11:20,459:      agent.FirstBot]:     INFO - Order(10275035,Others,BUY,1@195,M-1572,LIMIT,REF:'fm-ui 2.0.0-beta.48')
[2020-08-29 21:11:20,459:      agent.FirstBot]:     INFO - Order(10269028,Others,SELL,1@195,M-1572,LIMIT,REF:'fm-ui 2.0.0-beta.48')
[2020-08-29 21:11:20,459:      agent.FirstBot]:     INFO - Order(10269029,Others,BUY,1@195,M-1572,LIMIT,REF:'fm-ui 2.0.0-beta.48')
[2020-08-29 21:11:20,459:      agent.FirstBot]:     INFO - Order(10269048,Others,SELL,1@195,M-1572,LIMIT,REF:'fm-ui 2.0.0-beta.48')
[2020-08-29 21:11:20,460:      agent.FirstBot]:     INFO - Order(10269049,Others,BUY,1@195,M-1572,LIMIT,REF:'fm-ui 2.0.0-beta.48')
[2020-08-29 21:11:20,460:      agent.FirstBot]:     INFO - Order(10269125,Others,BUY,1@1,M-1572,LIMIT,REF:'fm-ui 2.0.0-beta.48')
[2020-08-29 21:11:20,460:      agent.FirstBot]:     INFO - Order(10269126,Others,BUY,1@1,M-1572,LIMIT,REF:'fm-ui 2.0.0-beta.48')
[2020-08-29 21:11:20,460:      agent.FirstBot]:     INFO - Order(10269127,Others,BUY,1@2,M-1572,LIMIT,REF:'fm-ui 2.0.0-beta.48')
[2020-08-29 21:11:20,460:      agent.FirstBot]:     INFO - Order(10269128,Others,BUY,1@2,M-1572,LIMIT,REF:'fm-ui 2.0.0-beta.48')
[2020-08-29 21:11:20,460:      agent.FirstBot]:     INFO - Order(10275010,Others,SELL,1@195,M-1572,LIMIT,REF:'fm-ui 2.0.0-beta.48')
[2020-08-29 21:11:20,460:      agent.FirstBot]:     INFO - Order(10275011,Others,BUY,1@195,M-1572,LIMIT,REF:'fm-ui 2.0.0-beta.48')
[2020-08-29 21:11:20,460:      agent.FirstBot]:     INFO - Order(10275033,Others,SELL,1@195,M-1572,LIMIT,REF:'fm-ui 2.0.0-beta.48')
[2020-08-29 21:11:20,460:      agent.FirstBot]:     INFO - Order(10275034,Others,BUY,1@195,M-1572,LIMIT,REF:'fm-ui 2.0.0-beta.48')
[2020-08-29 21:11:20,460:      agent.FirstBot]:     INFO - Order(10276744,Others,SELL,1@195,M-1572,LIMIT,REF:'fm-ui 2.0.0-beta.48')
[2020-08-29 21:11:20,460:      agent.FirstBot]:     INFO - Order(10276983,Others,SELL,1@34,M-1572,LIMIT,REF:'fm-ui 2.0.0-beta.48')
[2020-08-29 21:11:20,460:      agent.FirstBot]:     INFO - Order(10277225,Others,SELL,1@2,M-1572,LIMIT,REF:'fm-ui 2.0.0-beta.48')
[2020-08-29 21:11:20,461:      agent.FirstBot]:     INFO - Order(10277663,Others,SELL,1@2,M-1572,LIMIT,REF:'fm-ui 2.0.0-beta.48')
[2020-08-29 21:11:20,461:      agent.FirstBot]:     INFO - Order(10279114,Others,SELL,1@1,M-1572,LIMIT,REF:'fm-ui 2.0.0-beta.48')
[2020-08-29 21:11:20,461:      agent.FirstBot]:     INFO - Order(10279115,Others,SELL,1@1,M-1572,LIMIT,REF:'fm-ui 2.0.0-beta.48')
[2020-08-29 21:11:20,461:      agent.FirstBot]:     INFO - Order(10279535,Others,BUY,1@41,M-1572,LIMIT,REF:'fm-ui 2.0.0-beta.48')
[2020-08-29 21:11:20,461:      agent.FirstBot]:     INFO - Order(10279556,Others,SELL,1@41,M-1572,LIMIT,REF:'fm-ui 2.0.0-beta.48')
[2020-08-29 21:11:20,461:      agent.FirstBot]:     INFO - Order(10280123,Others,SELL,1@502,M-1572,LIMIT,REF:'fm-ui 2.0.0-beta.48')
[2020-08-29 21:11:20,461:      agent.FirstBot]:     INFO - Order(10280157,Others,BUY,1@502,M-1572,LIMIT,REF:'fm-ui 2.0.0-beta.48')
[2020-08-29 21:11:20,461:      agent.FirstBot]:     INFO - Order(10280263,Others,BUY,1@392,M-1572,LIMIT,REF:'fm-ui 2.0.0-beta.48')
[2020-08-29 21:11:20,461:      agent.FirstBot]:     INFO - Order(10280333,Others,SELL,1@392,M-1572,LIMIT,REF:'fm-ui 2.0.0-beta.48')
[2020-08-29 21:11:20,461:      agent.FirstBot]:     INFO - Order(10282197,Others,BUY,1@5,M-1572,LIMIT,REF:'Test order')
[2020-08-29 21:11:20,461:      agent.FirstBot]:     INFO - Order(10292817,Others,SELL,1@5,M-1572,LIMIT,REF:'fm-ui 2.0.0-beta.48')
[2020-08-29 21:11:20,964:      agent.FirstBot]:     INFO - Order(10293350,Mine,SELL,4@500,M-1573,LIMIT,REF:'rip',PVT_TO:T012)
[2020-08-29 21:11:20,964:      agent.FirstBot]:     INFO - Asset(Market(1572,widget,Widget,False),15,15,15,0,True,True)
[2020-08-29 21:11:20,965:      agent.FirstBot]:     INFO - Asset(Market(1573,privateWidget,PrivateWidget,True),15,11,15,0,True,True)

=============================== Log Started [2020-08-29 21:12:18 AEST] ===============================
[2020-08-29 21:12:19,935:      agent.FirstBot]:     INFO - Requesting initial information for marketplace `898`
[2020-08-29 21:12:21,987:      agent.FirstBot]:     INFO - Initialisation complete. Received marketplace information.
[2020-08-29 21:12:21,987:      agent.FirstBot]:     INFO - Market(1572,widget,Widget,False)
[2020-08-29 21:12:21,988:      agent.FirstBot]:     INFO - Market(1573,privateWidget,PrivateWidget,True)
[2020-08-29 21:12:22,741:      agent.FirstBot]:     INFO - Session: SID:13473:SessionState.OPEN
[2020-08-29 21:12:22,742:      agent.FirstBot]:     INFO - Asset(Market(1572,widget,Widget,False),15,15,15,0,True,True)
[2020-08-29 21:12:22,743:      agent.FirstBot]:     INFO - Asset(Market(1573,privateWidget,PrivateWidget,True),15,11,15,0,True,True)
[2020-08-29 21:12:23,005:      agent.FirstBot]:     INFO - Order(8985909,Others,BUY,1@0,M-1572,LIMIT,REF:'fm-ui 2.0.0-beta.48')
[2020-08-29 21:12:23,005:      agent.FirstBot]:     INFO - Order(8985911,Others,SELL,1@1000,M-1572,LIMIT,REF:'fm-ui 2.0.0-beta.48')
[2020-08-29 21:12:23,005:      agent.FirstBot]:     INFO - Order(8985925,Others,BUY,1@1000,M-1572,LIMIT,REF:'fm-ui 2.0.0-beta.48')
[2020-08-29 21:12:23,005:      agent.FirstBot]:     INFO - Order(9303297,Others,SELL,1@900,M-1572,LIMIT,REF:'Test')
[2020-08-29 21:12:23,005:      agent.FirstBot]:     INFO - Order(9275437,Others,SELL,2@900,M-1572,LIMIT,REF:'Test')
[2020-08-29 21:12:23,006:      agent.FirstBot]:     INFO - Order(9277638,Others,SELL,1@420,M-1572,LIMIT,REF:'Test')
[2020-08-29 21:12:23,006:      agent.FirstBot]:     INFO - Order(9275841,Others,BUY,1@78,M-1572,LIMIT,REF:'fm-ui 2.0.0-beta.48')
[2020-08-29 21:12:23,006:      agent.FirstBot]:     INFO - Order(9286070,Others,SELL,1@674,M-1572,LIMIT,REF:'Test')
[2020-08-29 21:12:23,006:      agent.FirstBot]:     INFO - Order(9303261,Others,SELL,1@674,M-1572,LIMIT,REF:'Test')
[2020-08-29 21:12:23,006:      agent.FirstBot]:     INFO - Order(9277636,Others,BUY,1@420,M-1572,LIMIT,REF:'test order')
[2020-08-29 21:12:23,006:      agent.FirstBot]:     INFO - Order(9277637,Others,SELL,1@420,M-1572,LIMIT,REF:'test order')
[2020-08-29 21:12:23,006:      agent.FirstBot]:     INFO - Order(9278280,Others,BUY,1@420,M-1572,LIMIT,REF:'test order')
[2020-08-29 21:12:23,006:      agent.FirstBot]:     INFO - Order(9286038,Others,SELL,1@78,M-1572,LIMIT,REF:'fm-ui 2.0.0-beta.48')
[2020-08-29 21:12:23,006:      agent.FirstBot]:     INFO - Order(9286041,Others,BUY,1@1,M-1572,LIMIT,REF:'fm-ui 2.0.0-beta.48')
[2020-08-29 21:12:23,006:      agent.FirstBot]:     INFO - Order(9286068,Others,BUY,1@674,M-1572,LIMIT,REF:'fm-ui 2.0.0-beta.48')
[2020-08-29 21:12:23,007:      agent.FirstBot]:     INFO - Order(9286069,Others,SELL,1@674,M-1572,LIMIT,REF:'fm-ui 2.0.0-beta.48')
[2020-08-29 21:12:23,007:      agent.FirstBot]:     INFO - Order(9286513,Others,BUY,1@674,M-1572,LIMIT,REF:'fm-ui 2.0.0-beta.48')
[2020-08-29 21:12:23,007:      agent.FirstBot]:     INFO - Order(9287209,Others,SELL,1@1,M-1572,LIMIT,REF:'fm-ui 2.0.0-beta.48')
[2020-08-29 21:12:23,007:      agent.FirstBot]:     INFO - Order(9287800,Others,SELL,1@0,M-1572,LIMIT,REF:'fm-ui 2.0.0-beta.48')
[2020-08-29 21:12:23,007:      agent.FirstBot]:     INFO - Order(9302443,Mine,BUY,2@500,M-1573,LIMIT,REF:'firstOrder',PVT_TO:M000)
[2020-08-29 21:12:23,007:      agent.FirstBot]:     INFO - Order(9302444,Mine,BUY,2@500,M-1573,LIMIT,REF:'firstOrder',PVT_TO:M000)
[2020-08-29 21:12:23,007:      agent.FirstBot]:     INFO - Order(9302445,Mine,BUY,2@500,M-1573,LIMIT,REF:'firstOrder',PVT_TO:M000)
[2020-08-29 21:12:23,007:      agent.FirstBot]:     INFO - Order(9302446,Mine,BUY,2@500,M-1573,LIMIT,REF:'firstOrder',PVT_TO:M000)
[2020-08-29 21:12:23,007:      agent.FirstBot]:     INFO - Order(9302447,Mine,BUY,2@500,M-1573,LIMIT,REF:'firstOrder',PVT_TO:M000)
[2020-08-29 21:12:23,007:      agent.FirstBot]:     INFO - Order(9302448,Mine,BUY,2@500,M-1573,LIMIT,REF:'firstOrder',PVT_TO:M000)
[2020-08-29 21:12:23,007:      agent.FirstBot]:     INFO - Order(9302453,Mine,BUY,2@500,M-1573,LIMIT,REF:'firstOrder',PVT_TO:M000)
[2020-08-29 21:12:23,008:      agent.FirstBot]:     INFO - Order(9302454,Mine,BUY,2@500,M-1573,LIMIT,REF:'firstOrder',PVT_TO:M000)
[2020-08-29 21:12:23,008:      agent.FirstBot]:     INFO - Order(9302456,Mine,BUY,2@500,M-1573,LIMIT,REF:'firstOrder',PVT_TO:M000)
[2020-08-29 21:12:23,008:      agent.FirstBot]:     INFO - Order(9302457,Mine,BUY,2@500,M-1573,LIMIT,REF:'firstOrder',PVT_TO:M000)
[2020-08-29 21:12:23,008:      agent.FirstBot]:     INFO - Order(9302556,Mine,BUY,2@500,M-1573,LIMIT,REF:'firstOrder',PVT_TO:M000)
[2020-08-29 21:12:23,008:      agent.FirstBot]:     INFO - Order(9302557,Mine,BUY,2@500,M-1573,LIMIT,REF:'firstOrder',PVT_TO:M000)
[2020-08-29 21:12:23,008:      agent.FirstBot]:     INFO - Order(9303256,Mine,BUY,2@500,M-1573,LIMIT,REF:'firstOrder',PVT_TO:M000)
[2020-08-29 21:12:23,008:      agent.FirstBot]:     INFO - Order(9303257,Mine,BUY,2@500,M-1573,LIMIT,REF:'firstOrder',PVT_TO:M000)
[2020-08-29 21:12:23,008:      agent.FirstBot]:     INFO - Order(9303259,Others,BUY,1@674,M-1572,LIMIT,REF:'fm-ui 2.0.0-beta.48')
[2020-08-29 21:12:23,008:      agent.FirstBot]:     INFO - Order(9303260,Others,SELL,1@674,M-1572,LIMIT,REF:'fm-ui 2.0.0-beta.48')
[2020-08-29 21:12:23,008:      agent.FirstBot]:     INFO - Order(9303262,Mine,BUY,2@500,M-1573,LIMIT,REF:'firstOrder',PVT_TO:M000)
[2020-08-29 21:12:23,008:      agent.FirstBot]:     INFO - Order(9303271,Others,BUY,1@674,M-1572,LIMIT,REF:'fm-ui 2.0.0-beta.48')
[2020-08-29 21:12:23,009:      agent.FirstBot]:     INFO - Order(9303277,Others,BUY,1@297,M-1572,LIMIT,REF:'fm-ui 2.0.0-beta.48')
[2020-08-29 21:12:23,009:      agent.FirstBot]:     INFO - Order(9303293,Others,SELL,1@297,M-1572,LIMIT,REF:'fm-ui 2.0.0-beta.48')
[2020-08-29 21:12:23,009:      agent.FirstBot]:     INFO - Order(9303295,Others,BUY,1@900,M-1572,LIMIT,REF:'fm-ui 2.0.0-beta.48')
[2020-08-29 21:12:23,009:      agent.FirstBot]:     INFO - Order(9303296,Others,SELL,1@900,M-1572,LIMIT,REF:'fm-ui 2.0.0-beta.48')
[2020-08-29 21:12:23,009:      agent.FirstBot]:     INFO - Order(9985111,Others,BUY,1@0,M-1572,LIMIT,REF:'fm-ui 2.0.0-beta.48')
[2020-08-29 21:12:23,009:      agent.FirstBot]:     INFO - Order(9994736,Others,SELL,1@1000,M-1572,LIMIT,REF:'fm-ui 2.0.0-beta.48')
[2020-08-29 21:12:23,009:      agent.FirstBot]:     INFO - Order(9994848,Others,SELL,1@0,M-1572,LIMIT)
[2020-08-29 21:12:23,009:      agent.FirstBot]:     INFO - Order(9994850,Others,BUY,1@900,M-1572,LIMIT)
[2020-08-29 21:12:23,009:      agent.FirstBot]:     INFO - Order(10208985,Others,BUY,2@900,M-1572,LIMIT,REF:'fm-ui 2.0.0-beta.48')
[2020-08-29 21:12:23,009:      agent.FirstBot]:     INFO - Order(10209004,Others,BUY,1@1000,M-1572,LIMIT,REF:'fm-ui 2.0.0-beta.48')
[2020-08-29 21:12:23,009:      agent.FirstBot]:     INFO - Order(10209018,Others,BUY,1@1000,M-1572,LIMIT,REF:'fm-ui 2.0.0-beta.48')
[2020-08-29 21:12:23,010:      agent.FirstBot]:     INFO - Order(10209019,Others,BUY,1@1000,M-1572,LIMIT,REF:'fm-ui 2.0.0-beta.48')
[2020-08-29 21:12:23,010:      agent.FirstBot]:     INFO - Order(10211454,Others,SELL,1@1000,M-1572,LIMIT,REF:'fm-ui 2.0.0-beta.48')
[2020-08-29 21:12:23,010:      agent.FirstBot]:     INFO - Order(10211546,Others,SELL,1@1000,M-1572,LIMIT,REF:'fm-ui 2.0.0-beta.48')
[2020-08-29 21:12:23,010:      agent.FirstBot]:     INFO - Order(10217680,Others,BUY,1@199,M-1572,LIMIT,REF:'Test')
[2020-08-29 21:12:23,010:      agent.FirstBot]:     INFO - Order(10229840,Others,SELL,1@199,M-1572,LIMIT,REF:'Order: 1 - SM')
[2020-08-29 21:12:23,010:      agent.FirstBot]:     INFO - Order(10229961,Others,BUY,1@34,M-1572,LIMIT,REF:'fm-ui 2.0.0-beta.48')
[2020-08-29 21:12:23,010:      agent.FirstBot]:     INFO - Order(10275035,Others,BUY,1@195,M-1572,LIMIT,REF:'fm-ui 2.0.0-beta.48')
[2020-08-29 21:12:23,010:      agent.FirstBot]:     INFO - Order(10269028,Others,SELL,1@195,M-1572,LIMIT,REF:'fm-ui 2.0.0-beta.48')
[2020-08-29 21:12:23,010:      agent.FirstBot]:     INFO - Order(10269029,Others,BUY,1@195,M-1572,LIMIT,REF:'fm-ui 2.0.0-beta.48')
[2020-08-29 21:12:23,010:      agent.FirstBot]:     INFO - Order(10269048,Others,SELL,1@195,M-1572,LIMIT,REF:'fm-ui 2.0.0-beta.48')
[2020-08-29 21:12:23,010:      agent.FirstBot]:     INFO - Order(10269049,Others,BUY,1@195,M-1572,LIMIT,REF:'fm-ui 2.0.0-beta.48')
[2020-08-29 21:12:23,011:      agent.FirstBot]:     INFO - Order(10269125,Others,BUY,1@1,M-1572,LIMIT,REF:'fm-ui 2.0.0-beta.48')
[2020-08-29 21:12:23,011:      agent.FirstBot]:     INFO - Order(10269126,Others,BUY,1@1,M-1572,LIMIT,REF:'fm-ui 2.0.0-beta.48')
[2020-08-29 21:12:23,011:      agent.FirstBot]:     INFO - Order(10269127,Others,BUY,1@2,M-1572,LIMIT,REF:'fm-ui 2.0.0-beta.48')
[2020-08-29 21:12:23,011:      agent.FirstBot]:     INFO - Order(10269128,Others,BUY,1@2,M-1572,LIMIT,REF:'fm-ui 2.0.0-beta.48')
[2020-08-29 21:12:23,011:      agent.FirstBot]:     INFO - Order(10275010,Others,SELL,1@195,M-1572,LIMIT,REF:'fm-ui 2.0.0-beta.48')
[2020-08-29 21:12:23,011:      agent.FirstBot]:     INFO - Order(10275011,Others,BUY,1@195,M-1572,LIMIT,REF:'fm-ui 2.0.0-beta.48')
[2020-08-29 21:12:23,011:      agent.FirstBot]:     INFO - Order(10275033,Others,SELL,1@195,M-1572,LIMIT,REF:'fm-ui 2.0.0-beta.48')
[2020-08-29 21:12:23,011:      agent.FirstBot]:     INFO - Order(10275034,Others,BUY,1@195,M-1572,LIMIT,REF:'fm-ui 2.0.0-beta.48')
[2020-08-29 21:12:23,011:      agent.FirstBot]:     INFO - Order(10276744,Others,SELL,1@195,M-1572,LIMIT,REF:'fm-ui 2.0.0-beta.48')
[2020-08-29 21:12:23,011:      agent.FirstBot]:     INFO - Order(10276983,Others,SELL,1@34,M-1572,LIMIT,REF:'fm-ui 2.0.0-beta.48')
[2020-08-29 21:12:23,011:      agent.FirstBot]:     INFO - Order(10277225,Others,SELL,1@2,M-1572,LIMIT,REF:'fm-ui 2.0.0-beta.48')
[2020-08-29 21:12:23,012:      agent.FirstBot]:     INFO - Order(10277663,Others,SELL,1@2,M-1572,LIMIT,REF:'fm-ui 2.0.0-beta.48')
[2020-08-29 21:12:23,012:      agent.FirstBot]:     INFO - Order(10279114,Others,SELL,1@1,M-1572,LIMIT,REF:'fm-ui 2.0.0-beta.48')
[2020-08-29 21:12:23,012:      agent.FirstBot]:     INFO - Order(10279115,Others,SELL,1@1,M-1572,LIMIT,REF:'fm-ui 2.0.0-beta.48')
[2020-08-29 21:12:23,012:      agent.FirstBot]:     INFO - Order(10279535,Others,BUY,1@41,M-1572,LIMIT,REF:'fm-ui 2.0.0-beta.48')
[2020-08-29 21:12:23,012:      agent.FirstBot]:     INFO - Order(10279556,Others,SELL,1@41,M-1572,LIMIT,REF:'fm-ui 2.0.0-beta.48')
[2020-08-29 21:12:23,012:      agent.FirstBot]:     INFO - Order(10280123,Others,SELL,1@502,M-1572,LIMIT,REF:'fm-ui 2.0.0-beta.48')
[2020-08-29 21:12:23,012:      agent.FirstBot]:     INFO - Order(10280157,Others,BUY,1@502,M-1572,LIMIT,REF:'fm-ui 2.0.0-beta.48')
[2020-08-29 21:12:23,012:      agent.FirstBot]:     INFO - Order(10280263,Others,BUY,1@392,M-1572,LIMIT,REF:'fm-ui 2.0.0-beta.48')
[2020-08-29 21:12:23,012:      agent.FirstBot]:     INFO - Order(10280333,Others,SELL,1@392,M-1572,LIMIT,REF:'fm-ui 2.0.0-beta.48')
[2020-08-29 21:12:23,012:      agent.FirstBot]:     INFO - Order(10282197,Others,BUY,1@5,M-1572,LIMIT,REF:'Test order')
[2020-08-29 21:12:23,012:      agent.FirstBot]:     INFO - Order(10292817,Others,SELL,1@5,M-1572,LIMIT,REF:'fm-ui 2.0.0-beta.48')
[2020-08-29 21:12:23,013:      agent.FirstBot]:     INFO - Order(10293350,Mine,SELL,4@500,M-1573,LIMIT,REF:'rip',PVT_TO:T012)
[2020-08-29 21:12:24,267:      agent.FirstBot]:     INFO - Order(10293351,Mine,SELL,4@500,M-1573,LIMIT,REF:'rip',PVT_TO:T002)
[2020-08-29 21:12:24,268:      agent.FirstBot]:     INFO - Asset(Market(1572,widget,Widget,False),15,15,15,0,True,True)
[2020-08-29 21:12:24,268:      agent.FirstBot]:     INFO - Asset(Market(1573,privateWidget,PrivateWidget,True),15,7,15,0,True,True)

=============================== Log Started [2020-08-29 21:20:40 AEST] ===============================
[2020-08-29 21:20:42,105:      agent.FirstBot]:     INFO - Requesting initial information for marketplace `898`
[2020-08-29 21:20:44,186:      agent.FirstBot]:     INFO - Initialisation complete. Received marketplace information.
[2020-08-29 21:20:44,186:      agent.FirstBot]:     INFO - Market(1572,widget,Widget,False)
[2020-08-29 21:20:44,187:      agent.FirstBot]:     INFO - Market(1573,privateWidget,PrivateWidget,True)
[2020-08-29 21:20:44,940:      agent.FirstBot]:     INFO - Session: SID:13473:SessionState.OPEN
[2020-08-29 21:20:44,941:      agent.FirstBot]:     INFO - Asset(Market(1572,widget,Widget,False),15,15,15,0,True,True)
[2020-08-29 21:20:44,941:      agent.FirstBot]:     INFO - Asset(Market(1573,privateWidget,PrivateWidget,True),15,15,15,0,True,True)
[2020-08-29 21:20:45,206:      agent.FirstBot]:     INFO - Order(8985909,Others,BUY,1@0,M-1572,LIMIT,REF:'fm-ui 2.0.0-beta.48')
[2020-08-29 21:20:45,206:      agent.FirstBot]:     INFO - Order(8985911,Others,SELL,1@1000,M-1572,LIMIT,REF:'fm-ui 2.0.0-beta.48')
[2020-08-29 21:20:45,207:      agent.FirstBot]:     INFO - Order(8985925,Others,BUY,1@1000,M-1572,LIMIT,REF:'fm-ui 2.0.0-beta.48')
[2020-08-29 21:20:45,207:      agent.FirstBot]:     INFO - Order(9303297,Others,SELL,1@900,M-1572,LIMIT,REF:'Test')
[2020-08-29 21:20:45,207:      agent.FirstBot]:     INFO - Order(9275437,Others,SELL,2@900,M-1572,LIMIT,REF:'Test')
[2020-08-29 21:20:45,207:      agent.FirstBot]:     INFO - Order(9277638,Others,SELL,1@420,M-1572,LIMIT,REF:'Test')
[2020-08-29 21:20:45,207:      agent.FirstBot]:     INFO - Order(9275841,Others,BUY,1@78,M-1572,LIMIT,REF:'fm-ui 2.0.0-beta.48')
[2020-08-29 21:20:45,207:      agent.FirstBot]:     INFO - Order(9286070,Others,SELL,1@674,M-1572,LIMIT,REF:'Test')
[2020-08-29 21:20:45,207:      agent.FirstBot]:     INFO - Order(9303261,Others,SELL,1@674,M-1572,LIMIT,REF:'Test')
[2020-08-29 21:20:45,207:      agent.FirstBot]:     INFO - Order(9277636,Others,BUY,1@420,M-1572,LIMIT,REF:'test order')
[2020-08-29 21:20:45,207:      agent.FirstBot]:     INFO - Order(9277637,Others,SELL,1@420,M-1572,LIMIT,REF:'test order')
[2020-08-29 21:20:45,208:      agent.FirstBot]:     INFO - Order(9278280,Others,BUY,1@420,M-1572,LIMIT,REF:'test order')
[2020-08-29 21:20:45,208:      agent.FirstBot]:     INFO - Order(9286038,Others,SELL,1@78,M-1572,LIMIT,REF:'fm-ui 2.0.0-beta.48')
[2020-08-29 21:20:45,208:      agent.FirstBot]:     INFO - Order(9286041,Others,BUY,1@1,M-1572,LIMIT,REF:'fm-ui 2.0.0-beta.48')
[2020-08-29 21:20:45,208:      agent.FirstBot]:     INFO - Order(9286068,Others,BUY,1@674,M-1572,LIMIT,REF:'fm-ui 2.0.0-beta.48')
[2020-08-29 21:20:45,208:      agent.FirstBot]:     INFO - Order(9286069,Others,SELL,1@674,M-1572,LIMIT,REF:'fm-ui 2.0.0-beta.48')
[2020-08-29 21:20:45,208:      agent.FirstBot]:     INFO - Order(9286513,Others,BUY,1@674,M-1572,LIMIT,REF:'fm-ui 2.0.0-beta.48')
[2020-08-29 21:20:45,208:      agent.FirstBot]:     INFO - Order(9287209,Others,SELL,1@1,M-1572,LIMIT,REF:'fm-ui 2.0.0-beta.48')
[2020-08-29 21:20:45,208:      agent.FirstBot]:     INFO - Order(9287800,Others,SELL,1@0,M-1572,LIMIT,REF:'fm-ui 2.0.0-beta.48')
[2020-08-29 21:20:45,208:      agent.FirstBot]:     INFO - Order(9302443,Mine,BUY,2@500,M-1573,LIMIT,REF:'firstOrder',PVT_TO:M000)
[2020-08-29 21:20:45,208:      agent.FirstBot]:     INFO - Order(9302444,Mine,BUY,2@500,M-1573,LIMIT,REF:'firstOrder',PVT_TO:M000)
[2020-08-29 21:20:45,208:      agent.FirstBot]:     INFO - Order(9302445,Mine,BUY,2@500,M-1573,LIMIT,REF:'firstOrder',PVT_TO:M000)
[2020-08-29 21:20:45,208:      agent.FirstBot]:     INFO - Order(9302446,Mine,BUY,2@500,M-1573,LIMIT,REF:'firstOrder',PVT_TO:M000)
[2020-08-29 21:20:45,209:      agent.FirstBot]:     INFO - Order(9302447,Mine,BUY,2@500,M-1573,LIMIT,REF:'firstOrder',PVT_TO:M000)
[2020-08-29 21:20:45,209:      agent.FirstBot]:     INFO - Order(9302448,Mine,BUY,2@500,M-1573,LIMIT,REF:'firstOrder',PVT_TO:M000)
[2020-08-29 21:20:45,209:      agent.FirstBot]:     INFO - Order(9302453,Mine,BUY,2@500,M-1573,LIMIT,REF:'firstOrder',PVT_TO:M000)
[2020-08-29 21:20:45,209:      agent.FirstBot]:     INFO - Order(9302454,Mine,BUY,2@500,M-1573,LIMIT,REF:'firstOrder',PVT_TO:M000)
[2020-08-29 21:20:45,209:      agent.FirstBot]:     INFO - Order(9302456,Mine,BUY,2@500,M-1573,LIMIT,REF:'firstOrder',PVT_TO:M000)
[2020-08-29 21:20:45,209:      agent.FirstBot]:     INFO - Order(9302457,Mine,BUY,2@500,M-1573,LIMIT,REF:'firstOrder',PVT_TO:M000)
[2020-08-29 21:20:45,209:      agent.FirstBot]:     INFO - Order(9302556,Mine,BUY,2@500,M-1573,LIMIT,REF:'firstOrder',PVT_TO:M000)
[2020-08-29 21:20:45,209:      agent.FirstBot]:     INFO - Order(9302557,Mine,BUY,2@500,M-1573,LIMIT,REF:'firstOrder',PVT_TO:M000)
[2020-08-29 21:20:45,209:      agent.FirstBot]:     INFO - Order(9303256,Mine,BUY,2@500,M-1573,LIMIT,REF:'firstOrder',PVT_TO:M000)
[2020-08-29 21:20:45,209:      agent.FirstBot]:     INFO - Order(9303257,Mine,BUY,2@500,M-1573,LIMIT,REF:'firstOrder',PVT_TO:M000)
[2020-08-29 21:20:45,209:      agent.FirstBot]:     INFO - Order(9303259,Others,BUY,1@674,M-1572,LIMIT,REF:'fm-ui 2.0.0-beta.48')
[2020-08-29 21:20:45,209:      agent.FirstBot]:     INFO - Order(9303260,Others,SELL,1@674,M-1572,LIMIT,REF:'fm-ui 2.0.0-beta.48')
[2020-08-29 21:20:45,210:      agent.FirstBot]:     INFO - Order(9303262,Mine,BUY,2@500,M-1573,LIMIT,REF:'firstOrder',PVT_TO:M000)
[2020-08-29 21:20:45,210:      agent.FirstBot]:     INFO - Order(9303271,Others,BUY,1@674,M-1572,LIMIT,REF:'fm-ui 2.0.0-beta.48')
[2020-08-29 21:20:45,210:      agent.FirstBot]:     INFO - Order(9303277,Others,BUY,1@297,M-1572,LIMIT,REF:'fm-ui 2.0.0-beta.48')
[2020-08-29 21:20:45,210:      agent.FirstBot]:     INFO - Order(9303293,Others,SELL,1@297,M-1572,LIMIT,REF:'fm-ui 2.0.0-beta.48')
[2020-08-29 21:20:45,210:      agent.FirstBot]:     INFO - Order(9303295,Others,BUY,1@900,M-1572,LIMIT,REF:'fm-ui 2.0.0-beta.48')
[2020-08-29 21:20:45,210:      agent.FirstBot]:     INFO - Order(9303296,Others,SELL,1@900,M-1572,LIMIT,REF:'fm-ui 2.0.0-beta.48')
[2020-08-29 21:20:45,210:      agent.FirstBot]:     INFO - Order(9985111,Others,BUY,1@0,M-1572,LIMIT,REF:'fm-ui 2.0.0-beta.48')
[2020-08-29 21:20:45,210:      agent.FirstBot]:     INFO - Order(9994736,Others,SELL,1@1000,M-1572,LIMIT,REF:'fm-ui 2.0.0-beta.48')
[2020-08-29 21:20:45,210:      agent.FirstBot]:     INFO - Order(9994848,Others,SELL,1@0,M-1572,LIMIT)
[2020-08-29 21:20:45,210:      agent.FirstBot]:     INFO - Order(9994850,Others,BUY,1@900,M-1572,LIMIT)
[2020-08-29 21:20:45,210:      agent.FirstBot]:     INFO - Order(10208985,Others,BUY,2@900,M-1572,LIMIT,REF:'fm-ui 2.0.0-beta.48')
[2020-08-29 21:20:45,210:      agent.FirstBot]:     INFO - Order(10209004,Others,BUY,1@1000,M-1572,LIMIT,REF:'fm-ui 2.0.0-beta.48')
[2020-08-29 21:20:45,211:      agent.FirstBot]:     INFO - Order(10209018,Others,BUY,1@1000,M-1572,LIMIT,REF:'fm-ui 2.0.0-beta.48')
[2020-08-29 21:20:45,211:      agent.FirstBot]:     INFO - Order(10209019,Others,BUY,1@1000,M-1572,LIMIT,REF:'fm-ui 2.0.0-beta.48')
[2020-08-29 21:20:45,211:      agent.FirstBot]:     INFO - Order(10211454,Others,SELL,1@1000,M-1572,LIMIT,REF:'fm-ui 2.0.0-beta.48')
[2020-08-29 21:20:45,211:      agent.FirstBot]:     INFO - Order(10211546,Others,SELL,1@1000,M-1572,LIMIT,REF:'fm-ui 2.0.0-beta.48')
[2020-08-29 21:20:45,211:      agent.FirstBot]:     INFO - Order(10217680,Others,BUY,1@199,M-1572,LIMIT,REF:'Test')
[2020-08-29 21:20:45,211:      agent.FirstBot]:     INFO - Order(10229840,Others,SELL,1@199,M-1572,LIMIT,REF:'Order: 1 - SM')
[2020-08-29 21:20:45,211:      agent.FirstBot]:     INFO - Order(10229961,Others,BUY,1@34,M-1572,LIMIT,REF:'fm-ui 2.0.0-beta.48')
[2020-08-29 21:20:45,211:      agent.FirstBot]:     INFO - Order(10275035,Others,BUY,1@195,M-1572,LIMIT,REF:'fm-ui 2.0.0-beta.48')
[2020-08-29 21:20:45,211:      agent.FirstBot]:     INFO - Order(10269028,Others,SELL,1@195,M-1572,LIMIT,REF:'fm-ui 2.0.0-beta.48')
[2020-08-29 21:20:45,211:      agent.FirstBot]:     INFO - Order(10269029,Others,BUY,1@195,M-1572,LIMIT,REF:'fm-ui 2.0.0-beta.48')
[2020-08-29 21:20:45,211:      agent.FirstBot]:     INFO - Order(10269048,Others,SELL,1@195,M-1572,LIMIT,REF:'fm-ui 2.0.0-beta.48')
[2020-08-29 21:20:45,211:      agent.FirstBot]:     INFO - Order(10269049,Others,BUY,1@195,M-1572,LIMIT,REF:'fm-ui 2.0.0-beta.48')
[2020-08-29 21:20:45,212:      agent.FirstBot]:     INFO - Order(10269125,Others,BUY,1@1,M-1572,LIMIT,REF:'fm-ui 2.0.0-beta.48')
[2020-08-29 21:20:45,212:      agent.FirstBot]:     INFO - Order(10269126,Others,BUY,1@1,M-1572,LIMIT,REF:'fm-ui 2.0.0-beta.48')
[2020-08-29 21:20:45,212:      agent.FirstBot]:     INFO - Order(10269127,Others,BUY,1@2,M-1572,LIMIT,REF:'fm-ui 2.0.0-beta.48')
[2020-08-29 21:20:45,212:      agent.FirstBot]:     INFO - Order(10269128,Others,BUY,1@2,M-1572,LIMIT,REF:'fm-ui 2.0.0-beta.48')
[2020-08-29 21:20:45,212:      agent.FirstBot]:     INFO - Order(10275010,Others,SELL,1@195,M-1572,LIMIT,REF:'fm-ui 2.0.0-beta.48')
[2020-08-29 21:20:45,212:      agent.FirstBot]:     INFO - Order(10275011,Others,BUY,1@195,M-1572,LIMIT,REF:'fm-ui 2.0.0-beta.48')
[2020-08-29 21:20:45,212:      agent.FirstBot]:     INFO - Order(10275033,Others,SELL,1@195,M-1572,LIMIT,REF:'fm-ui 2.0.0-beta.48')
[2020-08-29 21:20:45,212:      agent.FirstBot]:     INFO - Order(10275034,Others,BUY,1@195,M-1572,LIMIT,REF:'fm-ui 2.0.0-beta.48')
[2020-08-29 21:20:45,212:      agent.FirstBot]:     INFO - Order(10276744,Others,SELL,1@195,M-1572,LIMIT,REF:'fm-ui 2.0.0-beta.48')
[2020-08-29 21:20:45,212:      agent.FirstBot]:     INFO - Order(10276983,Others,SELL,1@34,M-1572,LIMIT,REF:'fm-ui 2.0.0-beta.48')
[2020-08-29 21:20:45,212:      agent.FirstBot]:     INFO - Order(10277225,Others,SELL,1@2,M-1572,LIMIT,REF:'fm-ui 2.0.0-beta.48')
[2020-08-29 21:20:45,212:      agent.FirstBot]:     INFO - Order(10277663,Others,SELL,1@2,M-1572,LIMIT,REF:'fm-ui 2.0.0-beta.48')
[2020-08-29 21:20:45,213:      agent.FirstBot]:     INFO - Order(10279114,Others,SELL,1@1,M-1572,LIMIT,REF:'fm-ui 2.0.0-beta.48')
[2020-08-29 21:20:45,213:      agent.FirstBot]:     INFO - Order(10279115,Others,SELL,1@1,M-1572,LIMIT,REF:'fm-ui 2.0.0-beta.48')
[2020-08-29 21:20:45,213:      agent.FirstBot]:     INFO - Order(10279535,Others,BUY,1@41,M-1572,LIMIT,REF:'fm-ui 2.0.0-beta.48')
[2020-08-29 21:20:45,213:      agent.FirstBot]:     INFO - Order(10279556,Others,SELL,1@41,M-1572,LIMIT,REF:'fm-ui 2.0.0-beta.48')
[2020-08-29 21:20:45,213:      agent.FirstBot]:     INFO - Order(10280123,Others,SELL,1@502,M-1572,LIMIT,REF:'fm-ui 2.0.0-beta.48')
[2020-08-29 21:20:45,213:      agent.FirstBot]:     INFO - Order(10280157,Others,BUY,1@502,M-1572,LIMIT,REF:'fm-ui 2.0.0-beta.48')
[2020-08-29 21:20:45,213:      agent.FirstBot]:     INFO - Order(10280263,Others,BUY,1@392,M-1572,LIMIT,REF:'fm-ui 2.0.0-beta.48')
[2020-08-29 21:20:45,213:      agent.FirstBot]:     INFO - Order(10280333,Others,SELL,1@392,M-1572,LIMIT,REF:'fm-ui 2.0.0-beta.48')
[2020-08-29 21:20:45,213:      agent.FirstBot]:     INFO - Order(10282197,Others,BUY,1@5,M-1572,LIMIT,REF:'Test order')
[2020-08-29 21:20:45,213:      agent.FirstBot]:     INFO - Order(10292817,Others,SELL,1@5,M-1572,LIMIT,REF:'fm-ui 2.0.0-beta.48')
[2020-08-29 21:20:45,213:      agent.FirstBot]:     INFO - Order(10293353,Others,BUY,1@5,M-1572,LIMIT,REF:'fm-ui 2.0.0-beta.48')
[2020-08-29 21:20:45,213:      agent.FirstBot]:     INFO - Order(10293354,Others,BUY,1@5,M-1572,LIMIT,REF:'fm-ui 2.0.0-beta.48')
[2020-08-29 21:20:45,214:      agent.FirstBot]:     INFO - Order(10293397,Others,BUY,1@0,M-1573,LIMIT,REF:'fm-ui 2.0.0-beta.48',PVT_FROM:T023)
[2020-08-29 21:20:46,468:      agent.FirstBot]:     INFO - Order(10293409,Mine,SELL,4@510,M-1573,LIMIT,REF:'rip',PVT_TO:T002)
[2020-08-29 21:20:46,468:      agent.FirstBot]:     INFO - Asset(Market(1572,widget,Widget,False),15,15,15,0,True,True)
[2020-08-29 21:20:46,468:      agent.FirstBot]:     INFO - Asset(Market(1573,privateWidget,PrivateWidget,True),15,11,15,0,True,True)

=============================== Log Started [2020-08-31 18:49:23 AEST] ===============================
[2020-08-31 18:49:25,213:      agent.FirstBot]:     INFO - Requesting initial information for marketplace `898`
[2020-08-31 18:49:27,350:      agent.FirstBot]:     INFO - Initialisation complete. Received marketplace information.
[2020-08-31 18:49:27,350:      agent.FirstBot]:     INFO - Market(1572,widget,Widget,False)
[2020-08-31 18:49:27,350:      agent.FirstBot]:     INFO - Market(1573,privateWidget,PrivateWidget,True)
[2020-08-31 18:49:28,105:      agent.FirstBot]:     INFO - Session: SID:14078:SessionState.OPEN
[2020-08-31 18:49:28,105:      agent.FirstBot]:     INFO - Asset(Market(1572,widget,Widget,False),15,15,15,0,True,True)
[2020-08-31 18:49:28,106:      agent.FirstBot]:     INFO - Asset(Market(1573,privateWidget,PrivateWidget,True),15,15,15,0,True,True)
[2020-08-31 18:49:28,106:      agent.FirstBot]:     INFO - Order(10367438,Others,BUY,1@35,M-1573,LIMIT,REF:'fm-ui 2.0.0-beta.48',PVT_FROM:T011)
[2020-08-31 18:49:28,107:      agent.FirstBot]:     INFO - Order(10367440,Mine,BUY,1@250,M-1573,LIMIT,REF:'test',PVT_TO:T027)
[2020-08-31 18:49:28,107:      agent.FirstBot]:    ERROR - Exception in MyFirstBot.received_orders() method. Run with DEBUG for details.
[2020-08-31 18:49:44,165:      agent.FirstBot]:     INFO - Order(10367441,Mine,BUY,1@250,M-1573,LIMIT,REF:'test',PVT_TO:T027)
[2020-08-31 18:49:44,165:      agent.FirstBot]:    ERROR - Exception in MyFirstBot.received_orders() method. Run with DEBUG for details.
[2020-08-31 18:49:44,165:      agent.FirstBot]:     INFO - Asset(Market(1572,widget,Widget,False),15,15,15,0,True,True)
[2020-08-31 18:49:44,165:      agent.FirstBot]:     INFO - Asset(Market(1573,privateWidget,PrivateWidget,True),15,15,15,0,True,True)
[2020-08-31 18:49:44,166:      agent.FirstBot]:     INFO - Order(10367440,Mine,BUY,1@250,M-1573,LIMIT,REF:'test',PVT_TO:T027)
[2020-08-31 18:49:44,166:      agent.FirstBot]:    ERROR - Exception in MyFirstBot.received_orders() method. Run with DEBUG for details.
[2020-08-31 18:49:44,166:      agent.FirstBot]:     INFO - Asset(Market(1572,widget,Widget,False),15,15,15,0,True,True)
[2020-08-31 18:49:44,166:      agent.FirstBot]:     INFO - Asset(Market(1573,privateWidget,PrivateWidget,True),15,15,15,0,True,True)

=============================== Log Started [2020-08-31 18:49:55 AEST] ===============================
[2020-08-31 18:49:57,215:      agent.FirstBot]:     INFO - Requesting initial information for marketplace `898`
[2020-08-31 18:49:59,330:      agent.FirstBot]:     INFO - Initialisation complete. Received marketplace information.
[2020-08-31 18:49:59,331:      agent.FirstBot]:     INFO - Market(1572,widget,Widget,False)
[2020-08-31 18:49:59,331:      agent.FirstBot]:     INFO - Market(1573,privateWidget,PrivateWidget,True)
[2020-08-31 18:50:00,084:      agent.FirstBot]:     INFO - Session: SID:14078:SessionState.OPEN
[2020-08-31 18:50:00,085:      agent.FirstBot]:     INFO - Asset(Market(1572,widget,Widget,False),15,15,15,0,True,True)
[2020-08-31 18:50:00,085:      agent.FirstBot]:     INFO - Asset(Market(1573,privateWidget,PrivateWidget,True),15,15,15,0,True,True)
[2020-08-31 18:50:00,086:      agent.FirstBot]:     INFO - Order(10367438,Others,BUY,1@35,M-1573,LIMIT,REF:'fm-ui 2.0.0-beta.48',PVT_FROM:T011)
[2020-08-31 18:50:00,839:      agent.FirstBot]:     INFO - Order(10367444,Mine,BUY,1@100,M-1573,LIMIT,REF:'rip',PVT_TO:T002)
[2020-08-31 18:50:00,840:      agent.FirstBot]:    ERROR - Exception in MyFirstBot.received_orders() method. Run with DEBUG for details.
[2020-08-31 18:50:00,841:      agent.FirstBot]:     INFO - Asset(Market(1572,widget,Widget,False),15,15,15,0,True,True)
[2020-08-31 18:50:00,841:      agent.FirstBot]:     INFO - Asset(Market(1573,privateWidget,PrivateWidget,True),15,15,15,0,True,True)
[2020-08-31 18:50:07,869:      agent.FirstBot]:     INFO - Session: SID:14078:SessionState.OPEN
[2020-08-31 18:50:07,870:      agent.FirstBot]:     INFO - Asset(Market(1572,widget,Widget,False),15,15,15,0,True,True)
[2020-08-31 18:50:07,870:      agent.FirstBot]:     INFO - Asset(Market(1573,privateWidget,PrivateWidget,True),15,15,15,0,True,True)
[2020-08-31 18:50:07,871:      agent.FirstBot]:     INFO - Order(10367438,Others,BUY,1@35,M-1573,LIMIT,REF:'fm-ui 2.0.0-beta.48',PVT_FROM:T011)
[2020-08-31 18:50:07,871:      agent.FirstBot]:     INFO - Order(10367444,Mine,BUY,1@100,M-1573,LIMIT,REF:'rip',PVT_TO:T002)
[2020-08-31 18:50:07,872:      agent.FirstBot]:    ERROR - Exception in MyFirstBot.received_orders() method. Run with DEBUG for details.
[2020-08-31 18:50:09,379:      agent.FirstBot]:     INFO - Order(10367445,Mine,BUY,1@250,M-1573,LIMIT,REF:'test',PVT_TO:T027)
[2020-08-31 18:50:09,379:      agent.FirstBot]:    ERROR - Exception in MyFirstBot.received_orders() method. Run with DEBUG for details.
[2020-08-31 18:50:09,379:      agent.FirstBot]:     INFO - Asset(Market(1572,widget,Widget,False),15,15,15,0,True,True)
[2020-08-31 18:50:09,379:      agent.FirstBot]:     INFO - Asset(Market(1573,privateWidget,PrivateWidget,True),15,15,15,0,True,True)
[2020-08-31 18:50:10,885:      agent.FirstBot]:     INFO - Order(10367446,Mine,BUY,1@250,M-1573,LIMIT,REF:'test',PVT_TO:T027)
[2020-08-31 18:50:10,886:      agent.FirstBot]:    ERROR - Exception in MyFirstBot.received_orders() method. Run with DEBUG for details.
[2020-08-31 18:50:10,886:      agent.FirstBot]:     INFO - Asset(Market(1572,widget,Widget,False),15,15,15,0,True,True)
[2020-08-31 18:50:10,887:      agent.FirstBot]:     INFO - Asset(Market(1573,privateWidget,PrivateWidget,True),15,15,15,0,True,True)
[2020-08-31 18:52:02,755:      agent.FirstBot]:     INFO - Order(10367447,Others,BUY,1@240,M-1572,LIMIT,REF:'Making Market')
